DEBUG:urllib3.connectionpool:Starting new HTTPS connection (1): en.wikipedia.org:443
DEBUG:urllib3.connectionpool:https://en.wikipedia.org:443 "GET /wiki/Anni_(1951_film) HTTP/1.1" 200 12242
DEBUG:urllib3.connectionpool:Starting new HTTPS connection (1): en.wikipedia.org:443
DEBUG:urllib3.connectionpool:https://en.wikipedia.org:443 "GET /wiki/Anni_(1951_film) HTTP/1.1" 200 12242
DEBUG:urllib3.connectionpool:Starting new HTTPS connection (1): en.wikipedia.org:443
DEBUG:urllib3.connectionpool:https://en.wikipedia.org:443 "GET /wiki/Anni_(1951_film) HTTP/1.1" 200 12242
DEBUG:urllib3.connectionpool:Starting new HTTPS connection (1): en.wikipedia.org:443
DEBUG:urllib3.connectionpool:https://en.wikipedia.org:443 "GET /wiki/Anni_(1951_film) HTTP/1.1" 200 12242
DEBUG:urllib3.connectionpool:Starting new HTTPS connection (1): en.wikipedia.org:443
DEBUG:urllib3.connectionpool:https://en.wikipedia.org:443 "GET /wiki/Kaithi_(1951_film) HTTP/1.1" 200 13683
DEBUG:urllib3.connectionpool:Starting new HTTPS connection (1): en.wikipedia.org:443
DEBUG:urllib3.connectionpool:https://en.wikipedia.org:443 "GET /wiki/Kalavathi HTTP/1.1" 200 11696
DEBUG:urllib3.connectionpool:Starting new HTTPS connection (1): en.wikipedia.org:443
DEBUG:urllib3.connectionpool:https://en.wikipedia.org:443 "GET /wiki/Lavanya_(1951_film) HTTP/1.1" 200 11558
DEBUG:urllib3.connectionpool:Starting new HTTPS connection (1): en.wikipedia.org:443
DEBUG:urllib3.connectionpool:https://en.wikipedia.org:443 "GET /wiki/Lavanya_(1951_film) HTTP/1.1" 200 11558
DEBUG:urllib3.connectionpool:Starting new HTTPS connection (1): en.wikipedia.org:443
DEBUG:urllib3.connectionpool:https://en.wikipedia.org:443 "GET /wiki/Lavanya_(1951_film) HTTP/1.1" 200 11558
DEBUG:urllib3.connectionpool:Starting new HTTPS connection (1): en.wikipedia.org:443
DEBUG:urllib3.connectionpool:https://en.wikipedia.org:443 "GET /wiki/Manamagal HTTP/1.1" 200 15254
DEBUG:urllib3.connectionpool:Starting new HTTPS connection (1): en.wikipedia.org:443
DEBUG:urllib3.connectionpool:https://en.wikipedia.org:443 "GET /wiki/Manamagal HTTP/1.1" 200 15254
DEBUG:urllib3.connectionpool:Starting new HTTPS connection (1): en.wikipedia.org:443
DEBUG:urllib3.connectionpool:https://en.wikipedia.org:443 "GET /wiki/Manamagal HTTP/1.1" 200 15254
DEBUG:urllib3.connectionpool:Starting new HTTPS connection (1): en.wikipedia.org:443
DEBUG:urllib3.connectionpool:https://en.wikipedia.org:443 "GET /wiki/Manamagal HTTP/1.1" 200 15254
DEBUG:urllib3.connectionpool:Starting new HTTPS connection (1): en.wikipedia.org:443
DEBUG:urllib3.connectionpool:https://en.wikipedia.org:443 "GET /wiki/Manamagal HTTP/1.1" 200 15254
DEBUG:urllib3.connectionpool:Starting new HTTPS connection (1): en.wikipedia.org:443
DEBUG:urllib3.connectionpool:https://en.wikipedia.org:443 "GET /wiki/Marmayogi HTTP/1.1" 200 22222
DEBUG:urllib3.connectionpool:Starting new HTTPS connection (1): en.wikipedia.org:443
DEBUG:urllib3.connectionpool:https://en.wikipedia.org:443 "GET /wiki/Samsaram_(1951_film) HTTP/1.1" 200 16297
DEBUG:urllib3.connectionpool:Starting new HTTPS connection (1): en.wikipedia.org:443
DEBUG:urllib3.connectionpool:https://en.wikipedia.org:443 "GET /wiki/Sarvadhikari_(film) HTTP/1.1" 200 15952
DEBUG:urllib3.connectionpool:Starting new HTTPS connection (1): en.wikipedia.org:443
DEBUG:urllib3.connectionpool:https://en.wikipedia.org:443 "GET /wiki/Sarvadhikari_(film) HTTP/1.1" 200 15952
DEBUG:urllib3.connectionpool:Starting new HTTPS connection (1): en.wikipedia.org:443
DEBUG:urllib3.connectionpool:https://en.wikipedia.org:443 "GET /wiki/Sarvadhikari_(film) HTTP/1.1" 200 15952
DEBUG:urllib3.connectionpool:Starting new HTTPS connection (1): en.wikipedia.org:443
DEBUG:urllib3.connectionpool:https://en.wikipedia.org:443 "GET /wiki/Sarvadhikari_(film) HTTP/1.1" 200 15952
DEBUG:urllib3.connectionpool:Starting new HTTPS connection (1): en.wikipedia.org:443
DEBUG:urllib3.connectionpool:https://en.wikipedia.org:443 "GET /wiki/Sarvadhikari_(film) HTTP/1.1" 200 15952
DEBUG:urllib3.connectionpool:Starting new HTTPS connection (1): en.wikipedia.org:443
DEBUG:urllib3.connectionpool:https://en.wikipedia.org:443 "GET /wiki/Vanasundari HTTP/1.1" 200 12745
DEBUG:urllib3.connectionpool:Starting new HTTPS connection (1): en.wikipedia.org:443
DEBUG:urllib3.connectionpool:https://en.wikipedia.org:443 "GET /wiki/Vanasundari HTTP/1.1" 200 12745
DEBUG:urllib3.connectionpool:Starting new HTTPS connection (1): en.wikipedia.org:443
DEBUG:urllib3.connectionpool:https://en.wikipedia.org:443 "GET /wiki/Pathala_Bhairavi HTTP/1.1" 200 32410
DEBUG:urllib3.connectionpool:Starting new HTTPS connection (1): en.wikipedia.org:443
DEBUG:urllib3.connectionpool:https://en.wikipedia.org:443 "GET /wiki/Pathala_Bhairavi HTTP/1.1" 200 32410
DEBUG:urllib3.connectionpool:Starting new HTTPS connection (1): en.wikipedia.org:443
DEBUG:urllib3.connectionpool:https://en.wikipedia.org:443 "GET /wiki/Pathala_Bhairavi HTTP/1.1" 200 32410
DEBUG:urllib3.connectionpool:Starting new HTTPS connection (1): en.wikipedia.org:443
DEBUG:urllib3.connectionpool:https://en.wikipedia.org:443 "GET /wiki/Pathala_Bhairavi HTTP/1.1" 200 32410
DEBUG:urllib3.connectionpool:Starting new HTTPS connection (1): en.wikipedia.org:443
DEBUG:urllib3.connectionpool:https://en.wikipedia.org:443 "GET /wiki/Pathala_Bhairavi HTTP/1.1" 200 32410
DEBUG:urllib3.connectionpool:Starting new HTTPS connection (1): en.wikipedia.org:443
DEBUG:urllib3.connectionpool:https://en.wikipedia.org:443 "GET /wiki/Pathala_Bhairavi HTTP/1.1" 200 32410
DEBUG:urllib3.connectionpool:Starting new HTTPS connection (1): en.wikipedia.org:443
DEBUG:urllib3.connectionpool:https://en.wikipedia.org:443 "GET /wiki/Pathala_Bhairavi HTTP/1.1" 200 32410
DEBUG:urllib3.connectionpool:Starting new HTTPS connection (1): en.wikipedia.org:443
DEBUG:urllib3.connectionpool:https://en.wikipedia.org:443 "GET /wiki/Pathala_Bhairavi HTTP/1.1" 200 32410
DEBUG:urllib3.connectionpool:Starting new HTTPS connection (1): en.wikipedia.org:443
DEBUG:urllib3.connectionpool:https://en.wikipedia.org:443 "GET /wiki/Pathala_Bhairavi HTTP/1.1" 200 32410
DEBUG:urllib3.connectionpool:Starting new HTTPS connection (1): en.wikipedia.org:443
DEBUG:urllib3.connectionpool:https://en.wikipedia.org:443 "GET /wiki/Pathala_Bhairavi HTTP/1.1" 200 32410
DEBUG:urllib3.connectionpool:Starting new HTTPS connection (1): en.wikipedia.org:443
DEBUG:urllib3.connectionpool:https://en.wikipedia.org:443 "GET /wiki/Pathala_Bhairavi HTTP/1.1" 200 32410
DEBUG:urllib3.connectionpool:Starting new HTTPS connection (1): en.wikipedia.org:443
DEBUG:urllib3.connectionpool:https://en.wikipedia.org:443 "GET /wiki/Pathala_Bhairavi HTTP/1.1" 200 32410
DEBUG:urllib3.connectionpool:Starting new HTTPS connection (1): en.wikipedia.org:443
DEBUG:urllib3.connectionpool:https://en.wikipedia.org:443 "GET /wiki/Pathala_Bhairavi HTTP/1.1" 200 32410
DEBUG:urllib3.connectionpool:Starting new HTTPS connection (1): en.wikipedia.org:443
DEBUG:urllib3.connectionpool:https://en.wikipedia.org:443 "GET /wiki/Pathala_Bhairavi HTTP/1.1" 200 32410
DEBUG:urllib3.connectionpool:Starting new HTTPS connection (1): en.wikipedia.org:443
DEBUG:urllib3.connectionpool:https://en.wikipedia.org:443 "GET /wiki/Pathala_Bhairavi HTTP/1.1" 200 32410
DEBUG:urllib3.connectionpool:Starting new HTTPS connection (1): en.wikipedia.org:443
DEBUG:urllib3.connectionpool:https://en.wikipedia.org:443 "GET /wiki/Pathala_Bhairavi HTTP/1.1" 200 32410
DEBUG:urllib3.connectionpool:Starting new HTTPS connection (1): en.wikipedia.org:443
DEBUG:urllib3.connectionpool:https://en.wikipedia.org:443 "GET /wiki/Pathala_Bhairavi HTTP/1.1" 200 32410
DEBUG:urllib3.connectionpool:Starting new HTTPS connection (1): en.wikipedia.org:443
DEBUG:urllib3.connectionpool:https://en.wikipedia.org:443 "GET /wiki/Pathala_Bhairavi HTTP/1.1" 200 32410
DEBUG:urllib3.connectionpool:Starting new HTTPS connection (1): en.wikipedia.org:443
DEBUG:urllib3.connectionpool:https://en.wikipedia.org:443 "GET /wiki/Pathala_Bhairavi HTTP/1.1" 200 32410
DEBUG:urllib3.connectionpool:Starting new HTTPS connection (1): en.wikipedia.org:443
DEBUG:urllib3.connectionpool:https://en.wikipedia.org:443 "GET /wiki/Pathala_Bhairavi HTTP/1.1" 200 32410
DEBUG:urllib3.connectionpool:Starting new HTTPS connection (1): en.wikipedia.org:443
DEBUG:urllib3.connectionpool:https://en.wikipedia.org:443 "GET /wiki/Pathala_Bhairavi HTTP/1.1" 200 32410
DEBUG:urllib3.connectionpool:Starting new HTTPS connection (1): en.wikipedia.org:443
DEBUG:urllib3.connectionpool:https://en.wikipedia.org:443 "GET /wiki/Pathala_Bhairavi HTTP/1.1" 200 32410
DEBUG:urllib3.connectionpool:Starting new HTTPS connection (1): en.wikipedia.org:443
DEBUG:urllib3.connectionpool:https://en.wikipedia.org:443 "GET /wiki/Pathala_Bhairavi HTTP/1.1" 200 32410
DEBUG:urllib3.connectionpool:Starting new HTTPS connection (1): en.wikipedia.org:443
DEBUG:urllib3.connectionpool:https://en.wikipedia.org:443 "GET /wiki/Pathala_Bhairavi HTTP/1.1" 200 32410
DEBUG:urllib3.connectionpool:Starting new HTTPS connection (1): en.wikipedia.org:443
DEBUG:urllib3.connectionpool:https://en.wikipedia.org:443 "GET /wiki/Pathala_Bhairavi HTTP/1.1" 200 32410
DEBUG:urllib3.connectionpool:Starting new HTTPS connection (1): en.wikipedia.org:443
DEBUG:urllib3.connectionpool:https://en.wikipedia.org:443 "GET /wiki/Pathala_Bhairavi HTTP/1.1" 200 32410
DEBUG:urllib3.connectionpool:Starting new HTTPS connection (1): en.wikipedia.org:443
DEBUG:urllib3.connectionpool:https://en.wikipedia.org:443 "GET /wiki/Pathala_Bhairavi HTTP/1.1" 200 32410
DEBUG:urllib3.connectionpool:Starting new HTTPS connection (1): en.wikipedia.org:443
DEBUG:urllib3.connectionpool:https://en.wikipedia.org:443 "GET /wiki/Pathala_Bhairavi HTTP/1.1" 200 32410
DEBUG:urllib3.connectionpool:Starting new HTTPS connection (1): en.wikipedia.org:443
DEBUG:urllib3.connectionpool:https://en.wikipedia.org:443 "GET /wiki/Pathala_Bhairavi HTTP/1.1" 200 32410
DEBUG:urllib3.connectionpool:Starting new HTTPS connection (1): en.wikipedia.org:443
DEBUG:urllib3.connectionpool:https://en.wikipedia.org:443 "GET /wiki/Pathala_Bhairavi HTTP/1.1" 200 32410
DEBUG:urllib3.connectionpool:Starting new HTTPS connection (1): en.wikipedia.org:443
DEBUG:urllib3.connectionpool:https://en.wikipedia.org:443 "GET /wiki/Pathala_Bhairavi HTTP/1.1" 200 32410
DEBUG:urllib3.connectionpool:Starting new HTTPS connection (1): en.wikipedia.org:443
DEBUG:urllib3.connectionpool:https://en.wikipedia.org:443 "GET /wiki/Pathala_Bhairavi HTTP/1.1" 200 32410
DEBUG:urllib3.connectionpool:Starting new HTTPS connection (1): en.wikipedia.org:443
DEBUG:urllib3.connectionpool:https://en.wikipedia.org:443 "GET /wiki/Pathala_Bhairavi HTTP/1.1" 200 32410
DEBUG:urllib3.connectionpool:Starting new HTTPS connection (1): en.wikipedia.org:443
DEBUG:urllib3.connectionpool:https://en.wikipedia.org:443 "GET /wiki/Pathala_Bhairavi HTTP/1.1" 200 32410
DEBUG:urllib3.connectionpool:Starting new HTTPS connection (1): en.wikipedia.org:443
DEBUG:urllib3.connectionpool:https://en.wikipedia.org:443 "GET /wiki/Pathala_Bhairavi HTTP/1.1" 200 32410
DEBUG:urllib3.connectionpool:Starting new HTTPS connection (1): en.wikipedia.org:443
DEBUG:urllib3.connectionpool:https://en.wikipedia.org:443 "GET /wiki/Pathala_Bhairavi HTTP/1.1" 200 32410
DEBUG:urllib3.connectionpool:Starting new HTTPS connection (1): en.wikipedia.org:443
DEBUG:urllib3.connectionpool:https://en.wikipedia.org:443 "GET /wiki/Pathala_Bhairavi HTTP/1.1" 200 32410
DEBUG:urllib3.connectionpool:Starting new HTTPS connection (1): en.wikipedia.org:443
DEBUG:urllib3.connectionpool:https://en.wikipedia.org:443 "GET /wiki/Pathala_Bhairavi HTTP/1.1" 200 32410
DEBUG:urllib3.connectionpool:Starting new HTTPS connection (1): en.wikipedia.org:443
DEBUG:urllib3.connectionpool:https://en.wikipedia.org:443 "GET /wiki/Pathala_Bhairavi HTTP/1.1" 200 32410
DEBUG:urllib3.connectionpool:Starting new HTTPS connection (1): en.wikipedia.org:443
DEBUG:urllib3.connectionpool:https://en.wikipedia.org:443 "GET /wiki/Pathala_Bhairavi HTTP/1.1" 200 32410
DEBUG:urllib3.connectionpool:Starting new HTTPS connection (1): en.wikipedia.org:443
DEBUG:urllib3.connectionpool:https://en.wikipedia.org:443 "GET /wiki/Pathala_Bhairavi HTTP/1.1" 200 32410
DEBUG:urllib3.connectionpool:Starting new HTTPS connection (1): en.wikipedia.org:443
DEBUG:urllib3.connectionpool:https://en.wikipedia.org:443 "GET /wiki/Pathala_Bhairavi HTTP/1.1" 200 32410
DEBUG:urllib3.connectionpool:Starting new HTTPS connection (1): en.wikipedia.org:443
DEBUG:urllib3.connectionpool:https://en.wikipedia.org:443 "GET /wiki/Pathala_Bhairavi HTTP/1.1" 200 32410
DEBUG:urllib3.connectionpool:Starting new HTTPS connection (1): en.wikipedia.org:443
DEBUG:urllib3.connectionpool:https://en.wikipedia.org:443 "GET /wiki/Pathala_Bhairavi HTTP/1.1" 200 32410
DEBUG:urllib3.connectionpool:Starting new HTTPS connection (1): en.wikipedia.org:443
DEBUG:urllib3.connectionpool:https://en.wikipedia.org:443 "GET /wiki/Pathala_Bhairavi HTTP/1.1" 200 32410
DEBUG:urllib3.connectionpool:Starting new HTTPS connection (1): en.wikipedia.org:443
DEBUG:urllib3.connectionpool:https://en.wikipedia.org:443 "GET /wiki/Pathala_Bhairavi HTTP/1.1" 200 32410
DEBUG:urllib3.connectionpool:Starting new HTTPS connection (1): en.wikipedia.org:443
DEBUG:urllib3.connectionpool:https://en.wikipedia.org:443 "GET /wiki/Pathala_Bhairavi HTTP/1.1" 200 32410
DEBUG:urllib3.connectionpool:Starting new HTTPS connection (1): en.wikipedia.org:443
DEBUG:urllib3.connectionpool:https://en.wikipedia.org:443 "GET /wiki/Pathala_Bhairavi HTTP/1.1" 200 32410
DEBUG:urllib3.connectionpool:Starting new HTTPS connection (1): en.wikipedia.org:443
DEBUG:urllib3.connectionpool:https://en.wikipedia.org:443 "GET /wiki/Pathala_Bhairavi HTTP/1.1" 200 32410
DEBUG:urllib3.connectionpool:Starting new HTTPS connection (1): en.wikipedia.org:443
DEBUG:urllib3.connectionpool:https://en.wikipedia.org:443 "GET /wiki/Pathala_Bhairavi HTTP/1.1" 200 32410
DEBUG:urllib3.connectionpool:Starting new HTTPS connection (1): en.wikipedia.org:443
DEBUG:urllib3.connectionpool:https://en.wikipedia.org:443 "GET /wiki/Pathala_Bhairavi HTTP/1.1" 200 32410
DEBUG:urllib3.connectionpool:Starting new HTTPS connection (1): en.wikipedia.org:443
DEBUG:urllib3.connectionpool:https://en.wikipedia.org:443 "GET /wiki/Pathala_Bhairavi HTTP/1.1" 200 32410
DEBUG:urllib3.connectionpool:Starting new HTTPS connection (1): en.wikipedia.org:443
DEBUG:urllib3.connectionpool:https://en.wikipedia.org:443 "GET /wiki/Pathala_Bhairavi HTTP/1.1" 200 32410
DEBUG:urllib3.connectionpool:Starting new HTTPS connection (1): en.wikipedia.org:443
DEBUG:urllib3.connectionpool:https://en.wikipedia.org:443 "GET /wiki/Pathala_Bhairavi HTTP/1.1" 200 32410
DEBUG:urllib3.connectionpool:Starting new HTTPS connection (1): en.wikipedia.org:443
DEBUG:urllib3.connectionpool:https://en.wikipedia.org:443 "GET /wiki/Pathala_Bhairavi HTTP/1.1" 200 32410
DEBUG:urllib3.connectionpool:Starting new HTTPS connection (1): en.wikipedia.org:443
DEBUG:urllib3.connectionpool:https://en.wikipedia.org:443 "GET /wiki/Pathala_Bhairavi HTTP/1.1" 200 32410
DEBUG:urllib3.connectionpool:Starting new HTTPS connection (1): en.wikipedia.org:443
DEBUG:urllib3.connectionpool:https://en.wikipedia.org:443 "GET /wiki/Pathala_Bhairavi HTTP/1.1" 200 32410
DEBUG:urllib3.connectionpool:Starting new HTTPS connection (1): en.wikipedia.org:443
DEBUG:urllib3.connectionpool:https://en.wikipedia.org:443 "GET /wiki/Pathala_Bhairavi HTTP/1.1" 200 32410
DEBUG:urllib3.connectionpool:Starting new HTTPS connection (1): en.wikipedia.org:443
DEBUG:urllib3.connectionpool:https://en.wikipedia.org:443 "GET /wiki/Pathala_Bhairavi HTTP/1.1" 200 32410
DEBUG:urllib3.connectionpool:Starting new HTTPS connection (1): en.wikipedia.org:443
DEBUG:urllib3.connectionpool:https://en.wikipedia.org:443 "GET /wiki/Pathala_Bhairavi HTTP/1.1" 200 32410
DEBUG:urllib3.connectionpool:Starting new HTTPS connection (1): en.wikipedia.org:443
DEBUG:urllib3.connectionpool:https://en.wikipedia.org:443 "GET /wiki/Pathala_Bhairavi HTTP/1.1" 200 32410
DEBUG:urllib3.connectionpool:Starting new HTTPS connection (1): en.wikipedia.org:443
DEBUG:urllib3.connectionpool:https://en.wikipedia.org:443 "GET /wiki/Pathala_Bhairavi HTTP/1.1" 200 32410
DEBUG:urllib3.connectionpool:Starting new HTTPS connection (1): en.wikipedia.org:443
DEBUG:urllib3.connectionpool:https://en.wikipedia.org:443 "GET /wiki/Pathala_Bhairavi HTTP/1.1" 200 32410
DEBUG:urllib3.connectionpool:Starting new HTTPS connection (1): en.wikipedia.org:443
DEBUG:urllib3.connectionpool:https://en.wikipedia.org:443 "GET /wiki/Pathala_Bhairavi HTTP/1.1" 200 32410
DEBUG:urllib3.connectionpool:Starting new HTTPS connection (1): en.wikipedia.org:443
DEBUG:urllib3.connectionpool:https://en.wikipedia.org:443 "GET /wiki/Pathala_Bhairavi HTTP/1.1" 200 32410
DEBUG:urllib3.connectionpool:Starting new HTTPS connection (1): en.wikipedia.org:443
DEBUG:urllib3.connectionpool:https://en.wikipedia.org:443 "GET /wiki/Pathala_Bhairavi HTTP/1.1" 200 32410
DEBUG:urllib3.connectionpool:Starting new HTTPS connection (1): en.wikipedia.org:443
DEBUG:urllib3.connectionpool:https://en.wikipedia.org:443 "GET /wiki/Pathala_Bhairavi HTTP/1.1" 200 32410
DEBUG:urllib3.connectionpool:Starting new HTTPS connection (1): en.wikipedia.org:443
DEBUG:urllib3.connectionpool:https://en.wikipedia.org:443 "GET /wiki/Pathala_Bhairavi HTTP/1.1" 200 32410
DEBUG:urllib3.connectionpool:Starting new HTTPS connection (1): en.wikipedia.org:443
DEBUG:urllib3.connectionpool:https://en.wikipedia.org:443 "GET /wiki/Pathala_Bhairavi HTTP/1.1" 200 32410
DEBUG:urllib3.connectionpool:Starting new HTTPS connection (1): en.wikipedia.org:443
DEBUG:urllib3.connectionpool:https://en.wikipedia.org:443 "GET /wiki/Pathala_Bhairavi HTTP/1.1" 200 32410
DEBUG:urllib3.connectionpool:Starting new HTTPS connection (1): en.wikipedia.org:443
DEBUG:urllib3.connectionpool:https://en.wikipedia.org:443 "GET /wiki/Pathala_Bhairavi HTTP/1.1" 200 32410
DEBUG:urllib3.connectionpool:Starting new HTTPS connection (1): en.wikipedia.org:443
DEBUG:urllib3.connectionpool:https://en.wikipedia.org:443 "GET /wiki/Pathala_Bhairavi HTTP/1.1" 200 32410
DEBUG:urllib3.connectionpool:Starting new HTTPS connection (1): en.wikipedia.org:443
DEBUG:urllib3.connectionpool:https://en.wikipedia.org:443 "GET /wiki/Pathala_Bhairavi HTTP/1.1" 200 32410
DEBUG:urllib3.connectionpool:Starting new HTTPS connection (1): en.wikipedia.org:443
DEBUG:urllib3.connectionpool:https://en.wikipedia.org:443 "GET /wiki/Pathala_Bhairavi HTTP/1.1" 200 32410
DEBUG:urllib3.connectionpool:Starting new HTTPS connection (1): en.wikipedia.org:443
DEBUG:urllib3.connectionpool:https://en.wikipedia.org:443 "GET /wiki/Pathala_Bhairavi HTTP/1.1" 200 32410
DEBUG:urllib3.connectionpool:Starting new HTTPS connection (1): en.wikipedia.org:443
DEBUG:urllib3.connectionpool:https://en.wikipedia.org:443 "GET /wiki/Pathala_Bhairavi HTTP/1.1" 200 32410
DEBUG:urllib3.connectionpool:Starting new HTTPS connection (1): en.wikipedia.org:443
DEBUG:urllib3.connectionpool:https://en.wikipedia.org:443 "GET /wiki/Pathala_Bhairavi HTTP/1.1" 200 32410
DEBUG:urllib3.connectionpool:Starting new HTTPS connection (1): en.wikipedia.org:443
DEBUG:urllib3.connectionpool:https://en.wikipedia.org:443 "GET /wiki/Pathala_Bhairavi HTTP/1.1" 200 32410
DEBUG:urllib3.connectionpool:Starting new HTTPS connection (1): en.wikipedia.org:443
DEBUG:urllib3.connectionpool:https://en.wikipedia.org:443 "GET /wiki/Pathala_Bhairavi HTTP/1.1" 200 32410
DEBUG:urllib3.connectionpool:Starting new HTTPS connection (1): en.wikipedia.org:443
DEBUG:urllib3.connectionpool:https://en.wikipedia.org:443 "GET /wiki/Pathala_Bhairavi HTTP/1.1" 200 32410
DEBUG:urllib3.connectionpool:Starting new HTTPS connection (1): en.wikipedia.org:443
DEBUG:urllib3.connectionpool:https://en.wikipedia.org:443 "GET /wiki/Pathala_Bhairavi HTTP/1.1" 200 32410
DEBUG:urllib3.connectionpool:Starting new HTTPS connection (1): en.wikipedia.org:443
DEBUG:urllib3.connectionpool:https://en.wikipedia.org:443 "GET /wiki/Pathala_Bhairavi HTTP/1.1" 200 32410
DEBUG:urllib3.connectionpool:Starting new HTTPS connection (1): en.wikipedia.org:443
DEBUG:urllib3.connectionpool:https://en.wikipedia.org:443 "GET /wiki/Pathala_Bhairavi HTTP/1.1" 200 32410
DEBUG:urllib3.connectionpool:Starting new HTTPS connection (1): en.wikipedia.org:443
DEBUG:urllib3.connectionpool:https://en.wikipedia.org:443 "GET /wiki/Pathala_Bhairavi HTTP/1.1" 200 32410
DEBUG:urllib3.connectionpool:Starting new HTTPS connection (1): en.wikipedia.org:443
DEBUG:urllib3.connectionpool:https://en.wikipedia.org:443 "GET /wiki/Pathala_Bhairavi HTTP/1.1" 200 32410
DEBUG:urllib3.connectionpool:Starting new HTTPS connection (1): en.wikipedia.org:443
DEBUG:urllib3.connectionpool:https://en.wikipedia.org:443 "GET /wiki/Pathala_Bhairavi HTTP/1.1" 200 32410
DEBUG:urllib3.connectionpool:Starting new HTTPS connection (1): en.wikipedia.org:443
DEBUG:urllib3.connectionpool:https://en.wikipedia.org:443 "GET /wiki/Pathala_Bhairavi HTTP/1.1" 200 32410
DEBUG:urllib3.connectionpool:Starting new HTTPS connection (1): en.wikipedia.org:443
DEBUG:urllib3.connectionpool:https://en.wikipedia.org:443 "GET /wiki/Pathala_Bhairavi HTTP/1.1" 200 32410
DEBUG:urllib3.connectionpool:Starting new HTTPS connection (1): en.wikipedia.org:443
DEBUG:urllib3.connectionpool:https://en.wikipedia.org:443 "GET /wiki/Pathala_Bhairavi HTTP/1.1" 200 32410
DEBUG:urllib3.connectionpool:Starting new HTTPS connection (1): en.wikipedia.org:443
DEBUG:urllib3.connectionpool:https://en.wikipedia.org:443 "GET /wiki/Pathala_Bhairavi HTTP/1.1" 200 32410
DEBUG:urllib3.connectionpool:Starting new HTTPS connection (1): en.wikipedia.org:443
DEBUG:urllib3.connectionpool:https://en.wikipedia.org:443 "GET /wiki/Pathala_Bhairavi HTTP/1.1" 200 32410
DEBUG:urllib3.connectionpool:Starting new HTTPS connection (1): en.wikipedia.org:443
DEBUG:urllib3.connectionpool:https://en.wikipedia.org:443 "GET /wiki/Pathala_Bhairavi HTTP/1.1" 200 32410
DEBUG:urllib3.connectionpool:Starting new HTTPS connection (1): en.wikipedia.org:443
DEBUG:urllib3.connectionpool:https://en.wikipedia.org:443 "GET /wiki/Pathala_Bhairavi HTTP/1.1" 200 32410
DEBUG:urllib3.connectionpool:Starting new HTTPS connection (1): en.wikipedia.org:443
DEBUG:urllib3.connectionpool:https://en.wikipedia.org:443 "GET /wiki/Pathala_Bhairavi HTTP/1.1" 200 32410
DEBUG:urllib3.connectionpool:Starting new HTTPS connection (1): en.wikipedia.org:443
DEBUG:urllib3.connectionpool:https://en.wikipedia.org:443 "GET /wiki/Pathala_Bhairavi HTTP/1.1" 200 32410
DEBUG:urllib3.connectionpool:Starting new HTTPS connection (1): en.wikipedia.org:443
DEBUG:urllib3.connectionpool:https://en.wikipedia.org:443 "GET /wiki/Pathala_Bhairavi HTTP/1.1" 200 32410
DEBUG:urllib3.connectionpool:Starting new HTTPS connection (1): en.wikipedia.org:443
DEBUG:urllib3.connectionpool:https://en.wikipedia.org:443 "GET /wiki/Pathala_Bhairavi HTTP/1.1" 200 32410
DEBUG:urllib3.connectionpool:Starting new HTTPS connection (1): en.wikipedia.org:443
DEBUG:urllib3.connectionpool:https://en.wikipedia.org:443 "GET /wiki/Pathala_Bhairavi HTTP/1.1" 200 32410
DEBUG:urllib3.connectionpool:Starting new HTTPS connection (1): en.wikipedia.org:443
DEBUG:urllib3.connectionpool:https://en.wikipedia.org:443 "GET /wiki/Pathala_Bhairavi HTTP/1.1" 200 32410
DEBUG:urllib3.connectionpool:Starting new HTTPS connection (1): en.wikipedia.org:443
DEBUG:urllib3.connectionpool:https://en.wikipedia.org:443 "GET /wiki/Pathala_Bhairavi HTTP/1.1" 200 32410
DEBUG:urllib3.connectionpool:Starting new HTTPS connection (1): en.wikipedia.org:443
DEBUG:urllib3.connectionpool:https://en.wikipedia.org:443 "GET /wiki/Pathala_Bhairavi HTTP/1.1" 200 32410
DEBUG:urllib3.connectionpool:Starting new HTTPS connection (1): en.wikipedia.org:443
DEBUG:urllib3.connectionpool:https://en.wikipedia.org:443 "GET /wiki/Pathala_Bhairavi HTTP/1.1" 200 32410
DEBUG:urllib3.connectionpool:Starting new HTTPS connection (1): en.wikipedia.org:443
DEBUG:urllib3.connectionpool:https://en.wikipedia.org:443 "GET /wiki/Pathala_Bhairavi HTTP/1.1" 200 32410
DEBUG:urllib3.connectionpool:Starting new HTTPS connection (1): en.wikipedia.org:443
DEBUG:urllib3.connectionpool:https://en.wikipedia.org:443 "GET /wiki/Pathala_Bhairavi HTTP/1.1" 200 32410
DEBUG:urllib3.connectionpool:Starting new HTTPS connection (1): en.wikipedia.org:443
DEBUG:urllib3.connectionpool:https://en.wikipedia.org:443 "GET /wiki/Pathala_Bhairavi HTTP/1.1" 200 32410
DEBUG:urllib3.connectionpool:Starting new HTTPS connection (1): en.wikipedia.org:443
DEBUG:urllib3.connectionpool:https://en.wikipedia.org:443 "GET /wiki/Pathala_Bhairavi HTTP/1.1" 200 32410
DEBUG:urllib3.connectionpool:Starting new HTTPS connection (1): en.wikipedia.org:443
DEBUG:urllib3.connectionpool:https://en.wikipedia.org:443 "GET /wiki/Pathala_Bhairavi HTTP/1.1" 200 32410
DEBUG:urllib3.connectionpool:Starting new HTTPS connection (1): en.wikipedia.org:443
DEBUG:urllib3.connectionpool:https://en.wikipedia.org:443 "GET /wiki/Pathala_Bhairavi HTTP/1.1" 200 32410
DEBUG:urllib3.connectionpool:Starting new HTTPS connection (1): en.wikipedia.org:443
DEBUG:urllib3.connectionpool:https://en.wikipedia.org:443 "GET /wiki/Pathala_Bhairavi HTTP/1.1" 200 32410
DEBUG:urllib3.connectionpool:Starting new HTTPS connection (1): en.wikipedia.org:443
DEBUG:urllib3.connectionpool:https://en.wikipedia.org:443 "GET /wiki/Pathala_Bhairavi HTTP/1.1" 200 32410
DEBUG:urllib3.connectionpool:Starting new HTTPS connection (1): en.wikipedia.org:443
DEBUG:urllib3.connectionpool:https://en.wikipedia.org:443 "GET /wiki/Pathala_Bhairavi HTTP/1.1" 200 32410
DEBUG:urllib3.connectionpool:Starting new HTTPS connection (1): en.wikipedia.org:443
DEBUG:urllib3.connectionpool:https://en.wikipedia.org:443 "GET /wiki/Pathala_Bhairavi HTTP/1.1" 200 32410
DEBUG:urllib3.connectionpool:Starting new HTTPS connection (1): en.wikipedia.org:443
DEBUG:urllib3.connectionpool:https://en.wikipedia.org:443 "GET /wiki/Pathala_Bhairavi HTTP/1.1" 200 32410
DEBUG:urllib3.connectionpool:Starting new HTTPS connection (1): en.wikipedia.org:443
DEBUG:urllib3.connectionpool:https://en.wikipedia.org:443 "GET /wiki/Pathala_Bhairavi HTTP/1.1" 200 32410
DEBUG:urllib3.connectionpool:Starting new HTTPS connection (1): en.wikipedia.org:443
DEBUG:urllib3.connectionpool:https://en.wikipedia.org:443 "GET /wiki/Pathala_Bhairavi HTTP/1.1" 200 32410
DEBUG:urllib3.connectionpool:Starting new HTTPS connection (1): en.wikipedia.org:443
DEBUG:urllib3.connectionpool:https://en.wikipedia.org:443 "GET /wiki/Pathala_Bhairavi HTTP/1.1" 200 32410
DEBUG:urllib3.connectionpool:Starting new HTTPS connection (1): en.wikipedia.org:443
DEBUG:urllib3.connectionpool:https://en.wikipedia.org:443 "GET /wiki/Pathala_Bhairavi HTTP/1.1" 200 32410
DEBUG:urllib3.connectionpool:Starting new HTTPS connection (1): en.wikipedia.org:443
DEBUG:urllib3.connectionpool:https://en.wikipedia.org:443 "GET /wiki/Pathala_Bhairavi HTTP/1.1" 200 32410
DEBUG:urllib3.connectionpool:Starting new HTTPS connection (1): en.wikipedia.org:443
DEBUG:urllib3.connectionpool:https://en.wikipedia.org:443 "GET /wiki/Pathala_Bhairavi HTTP/1.1" 200 32410
DEBUG:urllib3.connectionpool:Starting new HTTPS connection (1): en.wikipedia.org:443
DEBUG:urllib3.connectionpool:https://en.wikipedia.org:443 "GET /wiki/Pathala_Bhairavi HTTP/1.1" 200 32410
DEBUG:urllib3.connectionpool:Starting new HTTPS connection (1): en.wikipedia.org:443
DEBUG:urllib3.connectionpool:https://en.wikipedia.org:443 "GET /wiki/Pathala_Bhairavi HTTP/1.1" 200 32410
DEBUG:urllib3.connectionpool:Starting new HTTPS connection (1): en.wikipedia.org:443
DEBUG:urllib3.connectionpool:https://en.wikipedia.org:443 "GET /wiki/Pathala_Bhairavi HTTP/1.1" 200 32410
DEBUG:urllib3.connectionpool:Starting new HTTPS connection (1): en.wikipedia.org:443
DEBUG:urllib3.connectionpool:https://en.wikipedia.org:443 "GET /wiki/Pathala_Bhairavi HTTP/1.1" 200 32410
DEBUG:urllib3.connectionpool:Starting new HTTPS connection (1): en.wikipedia.org:443
DEBUG:urllib3.connectionpool:https://en.wikipedia.org:443 "GET /wiki/Pathala_Bhairavi HTTP/1.1" 200 32410
DEBUG:urllib3.connectionpool:Starting new HTTPS connection (1): en.wikipedia.org:443
DEBUG:urllib3.connectionpool:https://en.wikipedia.org:443 "GET /wiki/Pathala_Bhairavi HTTP/1.1" 200 32410
DEBUG:urllib3.connectionpool:Starting new HTTPS connection (1): en.wikipedia.org:443
DEBUG:urllib3.connectionpool:https://en.wikipedia.org:443 "GET /wiki/Kalavathi HTTP/1.1" 200 11696
DEBUG:urllib3.connectionpool:Starting new HTTPS connection (1): en.wikipedia.org:443
DEBUG:urllib3.connectionpool:https://en.wikipedia.org:443 "GET /wiki/Lavanya_(1951_film) HTTP/1.1" 200 11558
DEBUG:urllib3.connectionpool:Starting new HTTPS connection (1): en.wikipedia.org:443
DEBUG:urllib3.connectionpool:https://en.wikipedia.org:443 "GET /wiki/Lavanya_(1951_film) HTTP/1.1" 200 11558
DEBUG:urllib3.connectionpool:Starting new HTTPS connection (1): en.wikipedia.org:443
DEBUG:urllib3.connectionpool:https://en.wikipedia.org:443 "GET /wiki/Lavanya_(1951_film) HTTP/1.1" 200 11558
DEBUG:urllib3.connectionpool:Starting new HTTPS connection (1): en.wikipedia.org:443
DEBUG:urllib3.connectionpool:https://en.wikipedia.org:443 "GET /wiki/Lavanya_(1951_film) HTTP/1.1" 200 11558
DEBUG:urllib3.connectionpool:Starting new HTTPS connection (1): en.wikipedia.org:443
DEBUG:urllib3.connectionpool:https://en.wikipedia.org:443 "GET /wiki/Lavanya_(1951_film) HTTP/1.1" 200 11558
DEBUG:urllib3.connectionpool:Starting new HTTPS connection (1): en.wikipedia.org:443
DEBUG:urllib3.connectionpool:https://en.wikipedia.org:443 "GET /wiki/Lavanya_(1951_film) HTTP/1.1" 200 11558
DEBUG:urllib3.connectionpool:Starting new HTTPS connection (1): en.wikipedia.org:443
DEBUG:urllib3.connectionpool:https://en.wikipedia.org:443 "GET /wiki/Lavanya_(1951_film) HTTP/1.1" 200 11558
DEBUG:urllib3.connectionpool:Starting new HTTPS connection (1): en.wikipedia.org:443
DEBUG:urllib3.connectionpool:https://en.wikipedia.org:443 "GET /wiki/Lavanya_(1951_film) HTTP/1.1" 200 11558
DEBUG:urllib3.connectionpool:Starting new HTTPS connection (1): en.wikipedia.org:443
DEBUG:urllib3.connectionpool:https://en.wikipedia.org:443 "GET /wiki/Lavanya_(1951_film) HTTP/1.1" 200 11558
DEBUG:urllib3.connectionpool:Starting new HTTPS connection (1): en.wikipedia.org:443
DEBUG:urllib3.connectionpool:https://en.wikipedia.org:443 "GET /wiki/Lavanya_(1951_film) HTTP/1.1" 200 11558
DEBUG:urllib3.connectionpool:Starting new HTTPS connection (1): en.wikipedia.org:443
DEBUG:urllib3.connectionpool:https://en.wikipedia.org:443 "GET /wiki/Lavanya_(1951_film) HTTP/1.1" 200 11558
DEBUG:urllib3.connectionpool:Starting new HTTPS connection (1): en.wikipedia.org:443
DEBUG:urllib3.connectionpool:https://en.wikipedia.org:443 "GET /wiki/Lavanya_(1951_film) HTTP/1.1" 200 11558
DEBUG:urllib3.connectionpool:Starting new HTTPS connection (1): en.wikipedia.org:443
DEBUG:urllib3.connectionpool:https://en.wikipedia.org:443 "GET /wiki/Lavanya_(1951_film) HTTP/1.1" 200 11558
DEBUG:urllib3.connectionpool:Starting new HTTPS connection (1): en.wikipedia.org:443
DEBUG:urllib3.connectionpool:https://en.wikipedia.org:443 "GET /wiki/Lavanya_(1951_film) HTTP/1.1" 200 11558
DEBUG:urllib3.connectionpool:Starting new HTTPS connection (1): en.wikipedia.org:443
DEBUG:urllib3.connectionpool:https://en.wikipedia.org:443 "GET /wiki/Lavanya_(1951_film) HTTP/1.1" 200 11558
DEBUG:urllib3.connectionpool:Starting new HTTPS connection (1): en.wikipedia.org:443
DEBUG:urllib3.connectionpool:https://en.wikipedia.org:443 "GET /wiki/Lavanya_(1951_film) HTTP/1.1" 200 11558
DEBUG:urllib3.connectionpool:Starting new HTTPS connection (1): en.wikipedia.org:443
DEBUG:urllib3.connectionpool:https://en.wikipedia.org:443 "GET /wiki/Lavanya_(1951_film) HTTP/1.1" 200 11558
DEBUG:urllib3.connectionpool:Starting new HTTPS connection (1): en.wikipedia.org:443
DEBUG:urllib3.connectionpool:https://en.wikipedia.org:443 "GET /wiki/Lavanya_(1951_film) HTTP/1.1" 200 11558
DEBUG:urllib3.connectionpool:Starting new HTTPS connection (1): en.wikipedia.org:443
DEBUG:urllib3.connectionpool:https://en.wikipedia.org:443 "GET /wiki/Lavanya_(1951_film) HTTP/1.1" 200 11558
DEBUG:urllib3.connectionpool:Starting new HTTPS connection (1): en.wikipedia.org:443
DEBUG:urllib3.connectionpool:https://en.wikipedia.org:443 "GET /wiki/Lavanya_(1951_film) HTTP/1.1" 200 11558
DEBUG:urllib3.connectionpool:Starting new HTTPS connection (1): en.wikipedia.org:443
DEBUG:urllib3.connectionpool:https://en.wikipedia.org:443 "GET /wiki/Lavanya_(1951_film) HTTP/1.1" 200 11558
DEBUG:urllib3.connectionpool:Starting new HTTPS connection (1): en.wikipedia.org:443
DEBUG:urllib3.connectionpool:https://en.wikipedia.org:443 "GET /wiki/Lavanya_(1951_film) HTTP/1.1" 200 11558
DEBUG:urllib3.connectionpool:Starting new HTTPS connection (1): en.wikipedia.org:443
DEBUG:urllib3.connectionpool:https://en.wikipedia.org:443 "GET /wiki/Lavanya_(1951_film) HTTP/1.1" 200 11558
DEBUG:urllib3.connectionpool:Starting new HTTPS connection (1): en.wikipedia.org:443
DEBUG:urllib3.connectionpool:https://en.wikipedia.org:443 "GET /wiki/Lavanya_(1951_film) HTTP/1.1" 200 11558
DEBUG:urllib3.connectionpool:Starting new HTTPS connection (1): en.wikipedia.org:443
DEBUG:urllib3.connectionpool:https://en.wikipedia.org:443 "GET /wiki/Lavanya_(1951_film) HTTP/1.1" 200 11558
DEBUG:urllib3.connectionpool:Starting new HTTPS connection (1): en.wikipedia.org:443
DEBUG:urllib3.connectionpool:https://en.wikipedia.org:443 "GET /wiki/Lavanya_(1951_film) HTTP/1.1" 200 11558
DEBUG:urllib3.connectionpool:Starting new HTTPS connection (1): en.wikipedia.org:443
DEBUG:urllib3.connectionpool:https://en.wikipedia.org:443 "GET /wiki/Lavanya_(1951_film) HTTP/1.1" 200 11558
DEBUG:urllib3.connectionpool:Starting new HTTPS connection (1): en.wikipedia.org:443
DEBUG:urllib3.connectionpool:https://en.wikipedia.org:443 "GET /wiki/Lavanya_(1951_film) HTTP/1.1" 200 11558
DEBUG:urllib3.connectionpool:Starting new HTTPS connection (1): en.wikipedia.org:443
DEBUG:urllib3.connectionpool:https://en.wikipedia.org:443 "GET /wiki/Lavanya_(1951_film) HTTP/1.1" 200 11558
DEBUG:urllib3.connectionpool:Starting new HTTPS connection (1): en.wikipedia.org:443
DEBUG:urllib3.connectionpool:https://en.wikipedia.org:443 "GET /wiki/Lavanya_(1951_film) HTTP/1.1" 200 11558
DEBUG:urllib3.connectionpool:Starting new HTTPS connection (1): en.wikipedia.org:443
DEBUG:urllib3.connectionpool:https://en.wikipedia.org:443 "GET /wiki/Lavanya_(1951_film) HTTP/1.1" 200 11558
DEBUG:urllib3.connectionpool:Starting new HTTPS connection (1): en.wikipedia.org:443
DEBUG:urllib3.connectionpool:https://en.wikipedia.org:443 "GET /wiki/Lavanya_(1951_film) HTTP/1.1" 200 11558
DEBUG:urllib3.connectionpool:Starting new HTTPS connection (1): en.wikipedia.org:443
DEBUG:urllib3.connectionpool:https://en.wikipedia.org:443 "GET /wiki/Lavanya_(1951_film) HTTP/1.1" 200 11558
DEBUG:urllib3.connectionpool:Starting new HTTPS connection (1): en.wikipedia.org:443
DEBUG:urllib3.connectionpool:https://en.wikipedia.org:443 "GET /wiki/Lavanya_(1951_film) HTTP/1.1" 200 11558
DEBUG:urllib3.connectionpool:Starting new HTTPS connection (1): en.wikipedia.org:443
DEBUG:urllib3.connectionpool:https://en.wikipedia.org:443 "GET /wiki/Lavanya_(1951_film) HTTP/1.1" 200 11558
DEBUG:urllib3.connectionpool:Starting new HTTPS connection (1): en.wikipedia.org:443
DEBUG:urllib3.connectionpool:https://en.wikipedia.org:443 "GET /wiki/Lavanya_(1951_film) HTTP/1.1" 200 11558
DEBUG:urllib3.connectionpool:Starting new HTTPS connection (1): en.wikipedia.org:443
DEBUG:urllib3.connectionpool:https://en.wikipedia.org:443 "GET /wiki/Lavanya_(1951_film) HTTP/1.1" 200 11558
DEBUG:urllib3.connectionpool:Starting new HTTPS connection (1): en.wikipedia.org:443
DEBUG:urllib3.connectionpool:https://en.wikipedia.org:443 "GET /wiki/Lavanya_(1951_film) HTTP/1.1" 200 11558
DEBUG:urllib3.connectionpool:Starting new HTTPS connection (1): en.wikipedia.org:443
DEBUG:urllib3.connectionpool:https://en.wikipedia.org:443 "GET /wiki/Lavanya_(1951_film) HTTP/1.1" 200 11558
DEBUG:urllib3.connectionpool:Starting new HTTPS connection (1): en.wikipedia.org:443
DEBUG:urllib3.connectionpool:https://en.wikipedia.org:443 "GET /wiki/Lavanya_(1951_film) HTTP/1.1" 200 11558
DEBUG:urllib3.connectionpool:Starting new HTTPS connection (1): en.wikipedia.org:443
DEBUG:urllib3.connectionpool:https://en.wikipedia.org:443 "GET /wiki/Lavanya_(1951_film) HTTP/1.1" 200 11558
DEBUG:urllib3.connectionpool:Starting new HTTPS connection (1): en.wikipedia.org:443
DEBUG:urllib3.connectionpool:https://en.wikipedia.org:443 "GET /wiki/Lavanya_(1951_film) HTTP/1.1" 200 11558
DEBUG:urllib3.connectionpool:Starting new HTTPS connection (1): en.wikipedia.org:443
DEBUG:urllib3.connectionpool:https://en.wikipedia.org:443 "GET /wiki/Lavanya_(1951_film) HTTP/1.1" 200 11558
DEBUG:urllib3.connectionpool:Starting new HTTPS connection (1): en.wikipedia.org:443
DEBUG:urllib3.connectionpool:https://en.wikipedia.org:443 "GET /wiki/Lavanya_(1951_film) HTTP/1.1" 200 11558
DEBUG:urllib3.connectionpool:Starting new HTTPS connection (1): en.wikipedia.org:443
DEBUG:urllib3.connectionpool:https://en.wikipedia.org:443 "GET /wiki/Lavanya_(1951_film) HTTP/1.1" 200 11558
DEBUG:urllib3.connectionpool:Starting new HTTPS connection (1): en.wikipedia.org:443
DEBUG:urllib3.connectionpool:https://en.wikipedia.org:443 "GET /wiki/Lavanya_(1951_film) HTTP/1.1" 200 11558
DEBUG:urllib3.connectionpool:Starting new HTTPS connection (1): en.wikipedia.org:443
DEBUG:urllib3.connectionpool:https://en.wikipedia.org:443 "GET /wiki/Lavanya_(1951_film) HTTP/1.1" 200 11558
DEBUG:urllib3.connectionpool:Starting new HTTPS connection (1): en.wikipedia.org:443
DEBUG:urllib3.connectionpool:https://en.wikipedia.org:443 "GET /wiki/Lavanya_(1951_film) HTTP/1.1" 200 11558
DEBUG:urllib3.connectionpool:Starting new HTTPS connection (1): en.wikipedia.org:443
DEBUG:urllib3.connectionpool:https://en.wikipedia.org:443 "GET /wiki/Lavanya_(1951_film) HTTP/1.1" 200 11558
DEBUG:urllib3.connectionpool:Starting new HTTPS connection (1): en.wikipedia.org:443
DEBUG:urllib3.connectionpool:https://en.wikipedia.org:443 "GET /wiki/Lavanya_(1951_film) HTTP/1.1" 200 11558
DEBUG:urllib3.connectionpool:Starting new HTTPS connection (1): en.wikipedia.org:443
DEBUG:urllib3.connectionpool:https://en.wikipedia.org:443 "GET /wiki/Lavanya_(1951_film) HTTP/1.1" 200 11558
DEBUG:urllib3.connectionpool:Starting new HTTPS connection (1): en.wikipedia.org:443
DEBUG:urllib3.connectionpool:https://en.wikipedia.org:443 "GET /wiki/Lavanya_(1951_film) HTTP/1.1" 200 11558
DEBUG:urllib3.connectionpool:Starting new HTTPS connection (1): en.wikipedia.org:443
DEBUG:urllib3.connectionpool:https://en.wikipedia.org:443 "GET /wiki/Lavanya_(1951_film) HTTP/1.1" 200 11558
DEBUG:urllib3.connectionpool:Starting new HTTPS connection (1): en.wikipedia.org:443
DEBUG:urllib3.connectionpool:https://en.wikipedia.org:443 "GET /wiki/Lavanya_(1951_film) HTTP/1.1" 200 11558
DEBUG:urllib3.connectionpool:Starting new HTTPS connection (1): en.wikipedia.org:443
DEBUG:urllib3.connectionpool:https://en.wikipedia.org:443 "GET /wiki/Lavanya_(1951_film) HTTP/1.1" 200 11558
DEBUG:urllib3.connectionpool:Starting new HTTPS connection (1): en.wikipedia.org:443
DEBUG:urllib3.connectionpool:https://en.wikipedia.org:443 "GET /wiki/Lavanya_(1951_film) HTTP/1.1" 200 11558
DEBUG:urllib3.connectionpool:Starting new HTTPS connection (1): en.wikipedia.org:443
DEBUG:urllib3.connectionpool:https://en.wikipedia.org:443 "GET /wiki/Lavanya_(1951_film) HTTP/1.1" 200 11558
DEBUG:urllib3.connectionpool:Starting new HTTPS connection (1): en.wikipedia.org:443
DEBUG:urllib3.connectionpool:https://en.wikipedia.org:443 "GET /wiki/Lavanya_(1951_film) HTTP/1.1" 200 11558
DEBUG:urllib3.connectionpool:Starting new HTTPS connection (1): en.wikipedia.org:443
DEBUG:urllib3.connectionpool:https://en.wikipedia.org:443 "GET /wiki/Lavanya_(1951_film) HTTP/1.1" 200 11558
DEBUG:urllib3.connectionpool:Starting new HTTPS connection (1): en.wikipedia.org:443
DEBUG:urllib3.connectionpool:https://en.wikipedia.org:443 "GET /wiki/Lavanya_(1951_film) HTTP/1.1" 200 11558
DEBUG:urllib3.connectionpool:Starting new HTTPS connection (1): en.wikipedia.org:443
DEBUG:urllib3.connectionpool:https://en.wikipedia.org:443 "GET /wiki/Lavanya_(1951_film) HTTP/1.1" 200 11558
DEBUG:urllib3.connectionpool:Starting new HTTPS connection (1): en.wikipedia.org:443
DEBUG:urllib3.connectionpool:https://en.wikipedia.org:443 "GET /wiki/Lavanya_(1951_film) HTTP/1.1" 200 11558
DEBUG:urllib3.connectionpool:Starting new HTTPS connection (1): en.wikipedia.org:443
DEBUG:urllib3.connectionpool:https://en.wikipedia.org:443 "GET /wiki/Lavanya_(1951_film) HTTP/1.1" 200 11558
DEBUG:urllib3.connectionpool:Starting new HTTPS connection (1): en.wikipedia.org:443
DEBUG:urllib3.connectionpool:https://en.wikipedia.org:443 "GET /wiki/Lavanya_(1951_film) HTTP/1.1" 200 11558
DEBUG:urllib3.connectionpool:Starting new HTTPS connection (1): en.wikipedia.org:443
DEBUG:urllib3.connectionpool:https://en.wikipedia.org:443 "GET /wiki/Lavanya_(1951_film) HTTP/1.1" 200 11558
DEBUG:urllib3.connectionpool:Starting new HTTPS connection (1): en.wikipedia.org:443
DEBUG:urllib3.connectionpool:https://en.wikipedia.org:443 "GET /wiki/Lavanya_(1951_film) HTTP/1.1" 200 11558
DEBUG:urllib3.connectionpool:Starting new HTTPS connection (1): en.wikipedia.org:443
DEBUG:urllib3.connectionpool:https://en.wikipedia.org:443 "GET /wiki/Lavanya_(1951_film) HTTP/1.1" 200 11558
DEBUG:urllib3.connectionpool:Starting new HTTPS connection (1): en.wikipedia.org:443
DEBUG:urllib3.connectionpool:https://en.wikipedia.org:443 "GET /wiki/Lavanya_(1951_film) HTTP/1.1" 200 11558
DEBUG:urllib3.connectionpool:Starting new HTTPS connection (1): en.wikipedia.org:443
DEBUG:urllib3.connectionpool:https://en.wikipedia.org:443 "GET /wiki/Lavanya_(1951_film) HTTP/1.1" 200 11558
DEBUG:urllib3.connectionpool:Starting new HTTPS connection (1): en.wikipedia.org:443
DEBUG:urllib3.connectionpool:https://en.wikipedia.org:443 "GET /wiki/Lavanya_(1951_film) HTTP/1.1" 200 11558
DEBUG:urllib3.connectionpool:Starting new HTTPS connection (1): en.wikipedia.org:443
DEBUG:urllib3.connectionpool:https://en.wikipedia.org:443 "GET /wiki/Lavanya_(1951_film) HTTP/1.1" 200 11558
DEBUG:urllib3.connectionpool:Starting new HTTPS connection (1): en.wikipedia.org:443
DEBUG:urllib3.connectionpool:https://en.wikipedia.org:443 "GET /wiki/Lavanya_(1951_film) HTTP/1.1" 200 11558
DEBUG:urllib3.connectionpool:Starting new HTTPS connection (1): en.wikipedia.org:443
DEBUG:urllib3.connectionpool:https://en.wikipedia.org:443 "GET /wiki/Lavanya_(1951_film) HTTP/1.1" 200 11558
DEBUG:urllib3.connectionpool:Starting new HTTPS connection (1): en.wikipedia.org:443
DEBUG:urllib3.connectionpool:https://en.wikipedia.org:443 "GET /wiki/Lavanya_(1951_film) HTTP/1.1" 200 11558
DEBUG:urllib3.connectionpool:Starting new HTTPS connection (1): en.wikipedia.org:443
DEBUG:urllib3.connectionpool:https://en.wikipedia.org:443 "GET /wiki/Lavanya_(1951_film) HTTP/1.1" 200 11558
DEBUG:urllib3.connectionpool:Starting new HTTPS connection (1): en.wikipedia.org:443
DEBUG:urllib3.connectionpool:https://en.wikipedia.org:443 "GET /wiki/Lavanya_(1951_film) HTTP/1.1" 200 11558
DEBUG:urllib3.connectionpool:Starting new HTTPS connection (1): en.wikipedia.org:443
DEBUG:urllib3.connectionpool:https://en.wikipedia.org:443 "GET /wiki/Lavanya_(1951_film) HTTP/1.1" 200 11558
DEBUG:urllib3.connectionpool:Starting new HTTPS connection (1): en.wikipedia.org:443
DEBUG:urllib3.connectionpool:https://en.wikipedia.org:443 "GET /wiki/Lavanya_(1951_film) HTTP/1.1" 200 11558
DEBUG:urllib3.connectionpool:Starting new HTTPS connection (1): en.wikipedia.org:443
DEBUG:urllib3.connectionpool:https://en.wikipedia.org:443 "GET /wiki/Lavanya_(1951_film) HTTP/1.1" 200 11558
DEBUG:urllib3.connectionpool:Starting new HTTPS connection (1): en.wikipedia.org:443
DEBUG:urllib3.connectionpool:https://en.wikipedia.org:443 "GET /wiki/Lavanya_(1951_film) HTTP/1.1" 200 11558
DEBUG:urllib3.connectionpool:Starting new HTTPS connection (1): en.wikipedia.org:443
DEBUG:urllib3.connectionpool:https://en.wikipedia.org:443 "GET /wiki/Lavanya_(1951_film) HTTP/1.1" 200 11558
DEBUG:urllib3.connectionpool:Starting new HTTPS connection (1): en.wikipedia.org:443
DEBUG:urllib3.connectionpool:https://en.wikipedia.org:443 "GET /wiki/Lavanya_(1951_film) HTTP/1.1" 200 11558
DEBUG:urllib3.connectionpool:Starting new HTTPS connection (1): en.wikipedia.org:443
DEBUG:urllib3.connectionpool:https://en.wikipedia.org:443 "GET /wiki/Lavanya_(1951_film) HTTP/1.1" 200 11558
DEBUG:urllib3.connectionpool:Starting new HTTPS connection (1): en.wikipedia.org:443
DEBUG:urllib3.connectionpool:https://en.wikipedia.org:443 "GET /wiki/Lavanya_(1951_film) HTTP/1.1" 200 11558
DEBUG:urllib3.connectionpool:Starting new HTTPS connection (1): en.wikipedia.org:443
DEBUG:urllib3.connectionpool:https://en.wikipedia.org:443 "GET /wiki/Lavanya_(1951_film) HTTP/1.1" 200 11558
DEBUG:urllib3.connectionpool:Starting new HTTPS connection (1): en.wikipedia.org:443
DEBUG:urllib3.connectionpool:https://en.wikipedia.org:443 "GET /wiki/Lavanya_(1951_film) HTTP/1.1" 200 11558
DEBUG:urllib3.connectionpool:Starting new HTTPS connection (1): en.wikipedia.org:443
DEBUG:urllib3.connectionpool:https://en.wikipedia.org:443 "GET /wiki/Lavanya_(1951_film) HTTP/1.1" 200 11558
DEBUG:urllib3.connectionpool:Starting new HTTPS connection (1): en.wikipedia.org:443
DEBUG:urllib3.connectionpool:https://en.wikipedia.org:443 "GET /wiki/Anni_(1951_film) HTTP/1.1" 200 12242
DEBUG:urllib3.connectionpool:Starting new HTTPS connection (1): en.wikipedia.org:443
DEBUG:urllib3.connectionpool:https://en.wikipedia.org:443 "GET /wiki/Anni_(1951_film) HTTP/1.1" 200 12242
DEBUG:urllib3.connectionpool:Starting new HTTPS connection (1): en.wikipedia.org:443
DEBUG:urllib3.connectionpool:https://en.wikipedia.org:443 "GET /wiki/Anni_(1951_film) HTTP/1.1" 200 12242
DEBUG:urllib3.connectionpool:Starting new HTTPS connection (1): en.wikipedia.org:443
DEBUG:urllib3.connectionpool:https://en.wikipedia.org:443 "GET /wiki/Anni_(1951_film) HTTP/1.1" 200 12242
DEBUG:urllib3.connectionpool:Starting new HTTPS connection (1): en.wikipedia.org:443
DEBUG:urllib3.connectionpool:https://en.wikipedia.org:443 "GET /wiki/Kaithi_(1951_film) HTTP/1.1" 200 13683
DEBUG:urllib3.connectionpool:Starting new HTTPS connection (1): en.wikipedia.org:443
DEBUG:urllib3.connectionpool:https://en.wikipedia.org:443 "GET /wiki/Kalavathi HTTP/1.1" 200 11696
DEBUG:urllib3.connectionpool:Starting new HTTPS connection (1): en.wikipedia.org:443
DEBUG:urllib3.connectionpool:https://en.wikipedia.org:443 "GET /wiki/Lavanya_(1951_film) HTTP/1.1" 200 11558
DEBUG:urllib3.connectionpool:Starting new HTTPS connection (1): en.wikipedia.org:443
DEBUG:urllib3.connectionpool:https://en.wikipedia.org:443 "GET /wiki/Lavanya_(1951_film) HTTP/1.1" 200 11558
DEBUG:urllib3.connectionpool:Starting new HTTPS connection (1): en.wikipedia.org:443
DEBUG:urllib3.connectionpool:https://en.wikipedia.org:443 "GET /wiki/Lavanya_(1951_film) HTTP/1.1" 200 11558
DEBUG:urllib3.connectionpool:Starting new HTTPS connection (1): en.wikipedia.org:443
DEBUG:urllib3.connectionpool:https://en.wikipedia.org:443 "GET /w/index.php?title=Malai_Kalvan&action=edit&redlink=1 HTTP/1.1" 302 0
DEBUG:urllib3.connectionpool:https://en.wikipedia.org:443 "GET /wiki/Malai_Kalvan HTTP/1.1" 404 None
DEBUG:urllib3.connectionpool:Starting new HTTPS connection (1): en.wikipedia.org:443
DEBUG:urllib3.connectionpool:https://en.wikipedia.org:443 "GET /wiki/Manamagal HTTP/1.1" 200 15254
DEBUG:urllib3.connectionpool:Starting new HTTPS connection (1): en.wikipedia.org:443
DEBUG:urllib3.connectionpool:https://en.wikipedia.org:443 "GET /wiki/Manamagal HTTP/1.1" 200 15254
DEBUG:urllib3.connectionpool:Starting new HTTPS connection (1): en.wikipedia.org:443
DEBUG:urllib3.connectionpool:https://en.wikipedia.org:443 "GET /wiki/Manamagal HTTP/1.1" 200 15254
DEBUG:urllib3.connectionpool:Starting new HTTPS connection (1): en.wikipedia.org:443
DEBUG:urllib3.connectionpool:https://en.wikipedia.org:443 "GET /wiki/Manamagal HTTP/1.1" 200 15254
DEBUG:urllib3.connectionpool:Starting new HTTPS connection (1): en.wikipedia.org:443
DEBUG:urllib3.connectionpool:https://en.wikipedia.org:443 "GET /wiki/Manamagal HTTP/1.1" 200 15254
DEBUG:urllib3.connectionpool:Starting new HTTPS connection (1): en.wikipedia.org:443
DEBUG:urllib3.connectionpool:https://en.wikipedia.org:443 "GET /wiki/Marmayogi HTTP/1.1" 200 22222
DEBUG:urllib3.connectionpool:Starting new HTTPS connection (1): en.wikipedia.org:443
DEBUG:urllib3.connectionpool:https://en.wikipedia.org:443 "GET /wiki/Mohana_Sundaram HTTP/1.1" 200 None
DEBUG:urllib3.connectionpool:Starting new HTTPS connection (1): en.wikipedia.org:443
DEBUG:urllib3.connectionpool:https://en.wikipedia.org:443 "GET /wiki/Mohana_Sundaram HTTP/1.1" 200 12264
DEBUG:urllib3.connectionpool:Starting new HTTPS connection (1): en.wikipedia.org:443
DEBUG:urllib3.connectionpool:https://en.wikipedia.org:443 "GET /wiki/Mohana_Sundaram HTTP/1.1" 200 12264
DEBUG:urllib3.connectionpool:Starting new HTTPS connection (1): en.wikipedia.org:443
DEBUG:urllib3.connectionpool:https://en.wikipedia.org:443 "GET /wiki/Or_Iravu HTTP/1.1" 200 None
DEBUG:urllib3.connectionpool:Starting new HTTPS connection (1): en.wikipedia.org:443
DEBUG:urllib3.connectionpool:https://en.wikipedia.org:443 "GET /wiki/Or_Iravu HTTP/1.1" 200 19214
DEBUG:urllib3.connectionpool:Starting new HTTPS connection (1): en.wikipedia.org:443
DEBUG:urllib3.connectionpool:https://en.wikipedia.org:443 "GET /wiki/Or_Iravu HTTP/1.1" 200 19214
DEBUG:urllib3.connectionpool:Starting new HTTPS connection (1): en.wikipedia.org:443
DEBUG:urllib3.connectionpool:https://en.wikipedia.org:443 "GET /wiki/Pathala_Bhairavi HTTP/1.1" 200 32410
DEBUG:urllib3.connectionpool:Starting new HTTPS connection (1): en.wikipedia.org:443
DEBUG:urllib3.connectionpool:https://en.wikipedia.org:443 "GET /wiki/Pathala_Bhairavi HTTP/1.1" 200 32410
DEBUG:urllib3.connectionpool:Starting new HTTPS connection (1): en.wikipedia.org:443
DEBUG:urllib3.connectionpool:https://en.wikipedia.org:443 "GET /wiki/Pathala_Bhairavi HTTP/1.1" 200 32410
DEBUG:urllib3.connectionpool:Starting new HTTPS connection (1): en.wikipedia.org:443
DEBUG:urllib3.connectionpool:https://en.wikipedia.org:443 "GET /wiki/Pathala_Bhairavi HTTP/1.1" 200 32410
DEBUG:urllib3.connectionpool:Starting new HTTPS connection (1): en.wikipedia.org:443
DEBUG:urllib3.connectionpool:https://en.wikipedia.org:443 "GET /wiki/Pathala_Bhairavi HTTP/1.1" 200 32410
DEBUG:urllib3.connectionpool:Starting new HTTPS connection (1): en.wikipedia.org:443
DEBUG:urllib3.connectionpool:https://en.wikipedia.org:443 "GET /wiki/Samsaram_(1951_film) HTTP/1.1" 200 16297
DEBUG:urllib3.connectionpool:Starting new HTTPS connection (1): en.wikipedia.org:443
DEBUG:urllib3.connectionpool:https://en.wikipedia.org:443 "GET /wiki/Sarvadhikari_(film) HTTP/1.1" 200 15952
DEBUG:urllib3.connectionpool:Starting new HTTPS connection (1): en.wikipedia.org:443
DEBUG:urllib3.connectionpool:https://en.wikipedia.org:443 "GET /wiki/Sarvadhikari_(film) HTTP/1.1" 200 15952
DEBUG:urllib3.connectionpool:Starting new HTTPS connection (1): en.wikipedia.org:443
DEBUG:urllib3.connectionpool:https://en.wikipedia.org:443 "GET /wiki/Sarvadhikari_(film) HTTP/1.1" 200 15952
DEBUG:urllib3.connectionpool:Starting new HTTPS connection (1): en.wikipedia.org:443
DEBUG:urllib3.connectionpool:https://en.wikipedia.org:443 "GET /wiki/Sarvadhikari_(film) HTTP/1.1" 200 15952
DEBUG:urllib3.connectionpool:Starting new HTTPS connection (1): en.wikipedia.org:443
DEBUG:urllib3.connectionpool:https://en.wikipedia.org:443 "GET /wiki/Sarvadhikari_(film) HTTP/1.1" 200 15952
DEBUG:urllib3.connectionpool:Starting new HTTPS connection (1): en.wikipedia.org:443
DEBUG:urllib3.connectionpool:https://en.wikipedia.org:443 "GET /wiki/Sthree_Sahasam HTTP/1.1" 200 None
DEBUG:urllib3.connectionpool:Starting new HTTPS connection (1): en.wikipedia.org:443
DEBUG:urllib3.connectionpool:https://en.wikipedia.org:443 "GET /wiki/Sthree_Sahasam HTTP/1.1" 200 12749
DEBUG:urllib3.connectionpool:Starting new HTTPS connection (1): en.wikipedia.org:443
DEBUG:urllib3.connectionpool:https://en.wikipedia.org:443 "GET /wiki/Sthree_Sahasam HTTP/1.1" 200 12749
DEBUG:urllib3.connectionpool:Starting new HTTPS connection (1): en.wikipedia.org:443
DEBUG:urllib3.connectionpool:https://en.wikipedia.org:443 "GET /wiki/Sthree_Sahasam HTTP/1.1" 200 12749
DEBUG:urllib3.connectionpool:Starting new HTTPS connection (1): en.wikipedia.org:443
DEBUG:urllib3.connectionpool:https://en.wikipedia.org:443 "GET /wiki/Sthree_Sahasam HTTP/1.1" 200 12749
DEBUG:urllib3.connectionpool:Starting new HTTPS connection (1): en.wikipedia.org:443
DEBUG:urllib3.connectionpool:https://en.wikipedia.org:443 "GET /wiki/Vanasundari HTTP/1.1" 200 12745
DEBUG:urllib3.connectionpool:Starting new HTTPS connection (1): en.wikipedia.org:443
DEBUG:urllib3.connectionpool:https://en.wikipedia.org:443 "GET /wiki/Vanasundari HTTP/1.1" 200 12745
DEBUG:urllib3.connectionpool:Starting new HTTPS connection (1): en.wikipedia.org:443
DEBUG:urllib3.connectionpool:https://en.wikipedia.org:443 "GET /wiki/Kalavathi HTTP/1.1" 200 11696
DEBUG:urllib3.connectionpool:Starting new HTTPS connection (1): en.wikipedia.org:443
DEBUG:urllib3.connectionpool:https://en.wikipedia.org:443 "GET /wiki/Kalavathi HTTP/1.1" 200 11696
DEBUG:urllib3.connectionpool:Starting new HTTPS connection (1): en.wikipedia.org:443
DEBUG:urllib3.connectionpool:https://en.wikipedia.org:443 "GET /wiki/Kalavathi HTTP/1.1" 200 11696
DEBUG:urllib3.connectionpool:Starting new HTTPS connection (1): en.wikipedia.org:443
DEBUG:urllib3.connectionpool:https://en.wikipedia.org:443 "GET /wiki/Kalavathi HTTP/1.1" 200 11696
DEBUG:urllib3.connectionpool:Starting new HTTPS connection (1): en.wikipedia.org:443
DEBUG:urllib3.connectionpool:https://en.wikipedia.org:443 "GET /wiki/Kalavathi HTTP/1.1" 200 11696
DEBUG:urllib3.connectionpool:Starting new HTTPS connection (1): en.wikipedia.org:443
DEBUG:urllib3.connectionpool:https://en.wikipedia.org:443 "GET /wiki/Kalavathi HTTP/1.1" 200 11696
DEBUG:urllib3.connectionpool:Starting new HTTPS connection (1): en.wikipedia.org:443
DEBUG:urllib3.connectionpool:https://en.wikipedia.org:443 "GET /wiki/Kalavathi HTTP/1.1" 200 11696
DEBUG:urllib3.connectionpool:Starting new HTTPS connection (1): en.wikipedia.org:443
DEBUG:urllib3.connectionpool:https://en.wikipedia.org:443 "GET /wiki/Kalavathi HTTP/1.1" 200 11696
DEBUG:urllib3.connectionpool:Starting new HTTPS connection (1): en.wikipedia.org:443
DEBUG:urllib3.connectionpool:https://en.wikipedia.org:443 "GET /wiki/Kalavathi HTTP/1.1" 200 11696
DEBUG:urllib3.connectionpool:Starting new HTTPS connection (1): en.wikipedia.org:443
DEBUG:urllib3.connectionpool:https://en.wikipedia.org:443 "GET /wiki/Kalavathi HTTP/1.1" 200 11696
DEBUG:urllib3.connectionpool:Starting new HTTPS connection (1): en.wikipedia.org:443
DEBUG:urllib3.connectionpool:https://en.wikipedia.org:443 "GET /wiki/Kalavathi HTTP/1.1" 200 11696
DEBUG:urllib3.connectionpool:Starting new HTTPS connection (1): en.wikipedia.org:443
DEBUG:urllib3.connectionpool:https://en.wikipedia.org:443 "GET /wiki/Kalavathi HTTP/1.1" 200 11696
DEBUG:urllib3.connectionpool:Starting new HTTPS connection (1): en.wikipedia.org:443
DEBUG:urllib3.connectionpool:https://en.wikipedia.org:443 "GET /wiki/Kalavathi HTTP/1.1" 200 11696
DEBUG:urllib3.connectionpool:Starting new HTTPS connection (1): en.wikipedia.org:443
DEBUG:urllib3.connectionpool:https://en.wikipedia.org:443 "GET /wiki/Kaithi_(1951_film) HTTP/1.1" 200 13683
DEBUG:urllib3.connectionpool:Starting new HTTPS connection (1): en.wikipedia.org:443
DEBUG:urllib3.connectionpool:https://en.wikipedia.org:443 "GET /wiki/Kaithi_(1951_film) HTTP/1.1" 200 13683
DEBUG:urllib3.connectionpool:Starting new HTTPS connection (1): en.wikipedia.org:443
DEBUG:urllib3.connectionpool:https://en.wikipedia.org:443 "GET /wiki/Kaithi_(1951_film) HTTP/1.1" 200 13683
DEBUG:urllib3.connectionpool:Starting new HTTPS connection (1): en.wikipedia.org:443
DEBUG:urllib3.connectionpool:https://en.wikipedia.org:443 "GET /wiki/Lavanya_(1951_film) HTTP/1.1" 200 11558
DEBUG:urllib3.connectionpool:Starting new HTTPS connection (1): en.wikipedia.org:443
DEBUG:urllib3.connectionpool:https://en.wikipedia.org:443 "GET /wiki/Lavanya_(1951_film) HTTP/1.1" 200 11558
DEBUG:urllib3.connectionpool:Starting new HTTPS connection (1): en.wikipedia.org:443
DEBUG:urllib3.connectionpool:https://en.wikipedia.org:443 "GET /wiki/Lavanya_(1951_film) HTTP/1.1" 200 11558
DEBUG:urllib3.connectionpool:Starting new HTTPS connection (1): en.wikipedia.org:443
DEBUG:urllib3.connectionpool:https://en.wikipedia.org:443 "GET /w/index.php?title=Malai_Kalvan&action=edit&redlink=1 HTTP/1.1" 302 0
DEBUG:urllib3.connectionpool:https://en.wikipedia.org:443 "GET /wiki/Malai_Kalvan HTTP/1.1" 404 6571
DEBUG:urllib3.connectionpool:Starting new HTTPS connection (1): en.wikipedia.org:443
DEBUG:urllib3.connectionpool:https://en.wikipedia.org:443 "GET /w/index.php?title=Malai_Kalvan&action=edit&redlink=1 HTTP/1.1" 302 0
DEBUG:urllib3.connectionpool:https://en.wikipedia.org:443 "GET /wiki/Malai_Kalvan HTTP/1.1" 404 6571
DEBUG:urllib3.connectionpool:Starting new HTTPS connection (1): en.wikipedia.org:443
DEBUG:urllib3.connectionpool:https://en.wikipedia.org:443 "GET /w/index.php?title=Malai_Kalvan&action=edit&redlink=1 HTTP/1.1" 302 0
DEBUG:urllib3.connectionpool:https://en.wikipedia.org:443 "GET /wiki/Malai_Kalvan HTTP/1.1" 404 6571
DEBUG:urllib3.connectionpool:Starting new HTTPS connection (1): en.wikipedia.org:443
DEBUG:urllib3.connectionpool:https://en.wikipedia.org:443 "GET /w/index.php?title=Malai_Kalvan&action=edit&redlink=1 HTTP/1.1" 302 0
DEBUG:urllib3.connectionpool:https://en.wikipedia.org:443 "GET /wiki/Malai_Kalvan HTTP/1.1" 404 6571
DEBUG:urllib3.connectionpool:Starting new HTTPS connection (1): en.wikipedia.org:443
DEBUG:urllib3.connectionpool:https://en.wikipedia.org:443 "GET /w/index.php?title=Malai_Kalvan&action=edit&redlink=1 HTTP/1.1" 302 0
DEBUG:urllib3.connectionpool:https://en.wikipedia.org:443 "GET /wiki/Malai_Kalvan HTTP/1.1" 404 6571
DEBUG:urllib3.connectionpool:Starting new HTTPS connection (1): en.wikipedia.org:443
DEBUG:urllib3.connectionpool:https://en.wikipedia.org:443 "GET /wiki/Manamagal HTTP/1.1" 200 15254
DEBUG:urllib3.connectionpool:Starting new HTTPS connection (1): en.wikipedia.org:443
DEBUG:urllib3.connectionpool:https://en.wikipedia.org:443 "GET /wiki/Manamagal HTTP/1.1" 200 15254
DEBUG:urllib3.connectionpool:Starting new HTTPS connection (1): en.wikipedia.org:443
DEBUG:urllib3.connectionpool:https://en.wikipedia.org:443 "GET /wiki/Manamagal HTTP/1.1" 200 15254
DEBUG:urllib3.connectionpool:Starting new HTTPS connection (1): en.wikipedia.org:443
DEBUG:urllib3.connectionpool:https://en.wikipedia.org:443 "GET /wiki/Manamagal HTTP/1.1" 200 15254
DEBUG:urllib3.connectionpool:Starting new HTTPS connection (1): en.wikipedia.org:443
DEBUG:urllib3.connectionpool:https://en.wikipedia.org:443 "GET /wiki/Manamagal HTTP/1.1" 200 15254
DEBUG:urllib3.connectionpool:Starting new HTTPS connection (1): en.wikipedia.org:443
DEBUG:urllib3.connectionpool:https://en.wikipedia.org:443 "GET /wiki/Manamagal HTTP/1.1" 200 15254
DEBUG:urllib3.connectionpool:Starting new HTTPS connection (1): en.wikipedia.org:443
DEBUG:urllib3.connectionpool:https://en.wikipedia.org:443 "GET /wiki/Manamagal HTTP/1.1" 200 15254
DEBUG:urllib3.connectionpool:Starting new HTTPS connection (1): en.wikipedia.org:443
DEBUG:urllib3.connectionpool:https://en.wikipedia.org:443 "GET /wiki/Manamagal HTTP/1.1" 200 15254
DEBUG:urllib3.connectionpool:Starting new HTTPS connection (1): en.wikipedia.org:443
DEBUG:urllib3.connectionpool:https://en.wikipedia.org:443 "GET /wiki/Manamagal HTTP/1.1" 200 15254
DEBUG:urllib3.connectionpool:Starting new HTTPS connection (1): en.wikipedia.org:443
DEBUG:urllib3.connectionpool:https://en.wikipedia.org:443 "GET /wiki/Manamagal HTTP/1.1" 200 15254
DEBUG:urllib3.connectionpool:Starting new HTTPS connection (1): en.wikipedia.org:443
DEBUG:urllib3.connectionpool:https://en.wikipedia.org:443 "GET /wiki/Marmayogi HTTP/1.1" 200 22222
DEBUG:urllib3.connectionpool:Starting new HTTPS connection (1): en.wikipedia.org:443
DEBUG:urllib3.connectionpool:https://en.wikipedia.org:443 "GET /wiki/Marmayogi HTTP/1.1" 200 22222
DEBUG:urllib3.connectionpool:Starting new HTTPS connection (1): en.wikipedia.org:443
DEBUG:urllib3.connectionpool:https://en.wikipedia.org:443 "GET /wiki/Mohana_Sundaram HTTP/1.1" 200 12264
DEBUG:urllib3.connectionpool:Starting new HTTPS connection (1): en.wikipedia.org:443
DEBUG:urllib3.connectionpool:https://en.wikipedia.org:443 "GET /wiki/Mohana_Sundaram HTTP/1.1" 200 12264
DEBUG:urllib3.connectionpool:Starting new HTTPS connection (1): en.wikipedia.org:443
DEBUG:urllib3.connectionpool:https://en.wikipedia.org:443 "GET /wiki/Mohana_Sundaram HTTP/1.1" 200 12264
DEBUG:urllib3.connectionpool:Starting new HTTPS connection (1): en.wikipedia.org:443
DEBUG:urllib3.connectionpool:https://en.wikipedia.org:443 "GET /wiki/Mohana_Sundaram HTTP/1.1" 200 12264
DEBUG:urllib3.connectionpool:Starting new HTTPS connection (1): en.wikipedia.org:443
DEBUG:urllib3.connectionpool:https://en.wikipedia.org:443 "GET /wiki/Mohana_Sundaram HTTP/1.1" 200 12264
DEBUG:urllib3.connectionpool:Starting new HTTPS connection (1): en.wikipedia.org:443
DEBUG:urllib3.connectionpool:https://en.wikipedia.org:443 "GET /wiki/Mohana_Sundaram HTTP/1.1" 200 12264
DEBUG:urllib3.connectionpool:Starting new HTTPS connection (1): en.wikipedia.org:443
DEBUG:urllib3.connectionpool:https://en.wikipedia.org:443 "GET /wiki/Mohana_Sundaram HTTP/1.1" 200 12264
DEBUG:urllib3.connectionpool:Starting new HTTPS connection (1): en.wikipedia.org:443
DEBUG:urllib3.connectionpool:https://en.wikipedia.org:443 "GET /wiki/Mohana_Sundaram HTTP/1.1" 200 12264
DEBUG:urllib3.connectionpool:Starting new HTTPS connection (1): en.wikipedia.org:443
DEBUG:urllib3.connectionpool:https://en.wikipedia.org:443 "GET /wiki/Mohana_Sundaram HTTP/1.1" 200 12264
DEBUG:urllib3.connectionpool:Starting new HTTPS connection (1): en.wikipedia.org:443
DEBUG:urllib3.connectionpool:https://en.wikipedia.org:443 "GET /wiki/Or_Iravu HTTP/1.1" 200 19214
DEBUG:urllib3.connectionpool:Starting new HTTPS connection (1): en.wikipedia.org:443
DEBUG:urllib3.connectionpool:https://en.wikipedia.org:443 "GET /wiki/Or_Iravu HTTP/1.1" 200 19214
DEBUG:urllib3.connectionpool:Starting new HTTPS connection (1): en.wikipedia.org:443
DEBUG:urllib3.connectionpool:https://en.wikipedia.org:443 "GET /wiki/Or_Iravu HTTP/1.1" 200 19214
DEBUG:urllib3.connectionpool:Starting new HTTPS connection (1): en.wikipedia.org:443
DEBUG:urllib3.connectionpool:https://en.wikipedia.org:443 "GET /wiki/Samsaram_(1951_film) HTTP/1.1" 200 16297
DEBUG:urllib3.connectionpool:Starting new HTTPS connection (1): en.wikipedia.org:443
DEBUG:urllib3.connectionpool:https://en.wikipedia.org:443 "GET /wiki/Sarvadhikari_(film) HTTP/1.1" 200 15952
DEBUG:urllib3.connectionpool:Starting new HTTPS connection (1): en.wikipedia.org:443
DEBUG:urllib3.connectionpool:https://en.wikipedia.org:443 "GET /wiki/Sarvadhikari_(film) HTTP/1.1" 200 15952
DEBUG:urllib3.connectionpool:Starting new HTTPS connection (1): en.wikipedia.org:443
DEBUG:urllib3.connectionpool:https://en.wikipedia.org:443 "GET /wiki/Sarvadhikari_(film) HTTP/1.1" 200 15952
DEBUG:urllib3.connectionpool:Starting new HTTPS connection (1): en.wikipedia.org:443
DEBUG:urllib3.connectionpool:https://en.wikipedia.org:443 "GET /wiki/Sarvadhikari_(film) HTTP/1.1" 200 15952
DEBUG:urllib3.connectionpool:Starting new HTTPS connection (1): en.wikipedia.org:443
DEBUG:urllib3.connectionpool:https://en.wikipedia.org:443 "GET /wiki/Sarvadhikari_(film) HTTP/1.1" 200 15952
DEBUG:urllib3.connectionpool:Starting new HTTPS connection (1): en.wikipedia.org:443
DEBUG:urllib3.connectionpool:https://en.wikipedia.org:443 "GET /wiki/Sthree_Sahasam HTTP/1.1" 200 12749
DEBUG:urllib3.connectionpool:Starting new HTTPS connection (1): en.wikipedia.org:443
DEBUG:urllib3.connectionpool:https://en.wikipedia.org:443 "GET /wiki/Sthree_Sahasam HTTP/1.1" 200 12749
DEBUG:urllib3.connectionpool:Starting new HTTPS connection (1): en.wikipedia.org:443
DEBUG:urllib3.connectionpool:https://en.wikipedia.org:443 "GET /wiki/Sthree_Sahasam HTTP/1.1" 200 12749
DEBUG:urllib3.connectionpool:Starting new HTTPS connection (1): en.wikipedia.org:443
DEBUG:urllib3.connectionpool:https://en.wikipedia.org:443 "GET /wiki/Sthree_Sahasam HTTP/1.1" 200 12749
DEBUG:urllib3.connectionpool:Starting new HTTPS connection (1): en.wikipedia.org:443
DEBUG:urllib3.connectionpool:https://en.wikipedia.org:443 "GET /wiki/Sthree_Sahasam HTTP/1.1" 200 12749
DEBUG:urllib3.connectionpool:Starting new HTTPS connection (1): en.wikipedia.org:443
DEBUG:urllib3.connectionpool:https://en.wikipedia.org:443 "GET /wiki/Sthree_Sahasam HTTP/1.1" 200 12749
DEBUG:urllib3.connectionpool:Starting new HTTPS connection (1): en.wikipedia.org:443
DEBUG:urllib3.connectionpool:https://en.wikipedia.org:443 "GET /wiki/Sthree_Sahasam HTTP/1.1" 200 12749
DEBUG:urllib3.connectionpool:Starting new HTTPS connection (1): en.wikipedia.org:443
DEBUG:urllib3.connectionpool:https://en.wikipedia.org:443 "GET /wiki/Sthree_Sahasam HTTP/1.1" 200 12749
DEBUG:urllib3.connectionpool:Starting new HTTPS connection (1): en.wikipedia.org:443
DEBUG:urllib3.connectionpool:https://en.wikipedia.org:443 "GET /wiki/Sthree_Sahasam HTTP/1.1" 200 12749
DEBUG:urllib3.connectionpool:Starting new HTTPS connection (1): en.wikipedia.org:443
DEBUG:urllib3.connectionpool:https://en.wikipedia.org:443 "GET /wiki/Sthree_Sahasam HTTP/1.1" 200 12749
DEBUG:urllib3.connectionpool:Starting new HTTPS connection (1): en.wikipedia.org:443
DEBUG:urllib3.connectionpool:https://en.wikipedia.org:443 "GET /wiki/Sthree_Sahasam HTTP/1.1" 200 12749
DEBUG:urllib3.connectionpool:Starting new HTTPS connection (1): en.wikipedia.org:443
DEBUG:urllib3.connectionpool:https://en.wikipedia.org:443 "GET /wiki/Sthree_Sahasam HTTP/1.1" 200 12749
DEBUG:urllib3.connectionpool:Starting new HTTPS connection (1): en.wikipedia.org:443
DEBUG:urllib3.connectionpool:https://en.wikipedia.org:443 "GET /wiki/Sthree_Sahasam HTTP/1.1" 200 12749
DEBUG:urllib3.connectionpool:Starting new HTTPS connection (1): en.wikipedia.org:443
DEBUG:urllib3.connectionpool:https://en.wikipedia.org:443 "GET /wiki/Sthree_Sahasam HTTP/1.1" 200 12749
DEBUG:urllib3.connectionpool:Starting new HTTPS connection (1): en.wikipedia.org:443
DEBUG:urllib3.connectionpool:https://en.wikipedia.org:443 "GET /wiki/Sthree_Sahasam HTTP/1.1" 200 12749
DEBUG:urllib3.connectionpool:Starting new HTTPS connection (1): en.wikipedia.org:443
DEBUG:urllib3.connectionpool:https://en.wikipedia.org:443 "GET /wiki/Sthree_Sahasam HTTP/1.1" 200 12749
DEBUG:urllib3.connectionpool:Starting new HTTPS connection (1): en.wikipedia.org:443
DEBUG:urllib3.connectionpool:https://en.wikipedia.org:443 "GET /wiki/Sthree_Sahasam HTTP/1.1" 200 12749
DEBUG:urllib3.connectionpool:Starting new HTTPS connection (1): en.wikipedia.org:443
DEBUG:urllib3.connectionpool:https://en.wikipedia.org:443 "GET /wiki/Sthree_Sahasam HTTP/1.1" 200 12749
DEBUG:urllib3.connectionpool:Starting new HTTPS connection (1): en.wikipedia.org:443
DEBUG:urllib3.connectionpool:https://en.wikipedia.org:443 "GET /wiki/Sthree_Sahasam HTTP/1.1" 200 12749
DEBUG:urllib3.connectionpool:Starting new HTTPS connection (1): en.wikipedia.org:443
DEBUG:urllib3.connectionpool:https://en.wikipedia.org:443 "GET /wiki/Sthree_Sahasam HTTP/1.1" 200 12749
DEBUG:urllib3.connectionpool:Starting new HTTPS connection (1): en.wikipedia.org:443
DEBUG:urllib3.connectionpool:https://en.wikipedia.org:443 "GET /wiki/Vanasundari HTTP/1.1" 200 12745
DEBUG:urllib3.connectionpool:Starting new HTTPS connection (1): en.wikipedia.org:443
DEBUG:urllib3.connectionpool:https://en.wikipedia.org:443 "GET /wiki/Vanasundari HTTP/1.1" 200 12745
DEBUG:urllib3.connectionpool:Starting new HTTPS connection (1): en.wikipedia.org:443
DEBUG:urllib3.connectionpool:https://en.wikipedia.org:443 "GET /wiki/Aan HTTP/1.1" 200 None
DEBUG:urllib3.connectionpool:Starting new HTTPS connection (1): en.wikipedia.org:443
DEBUG:urllib3.connectionpool:https://en.wikipedia.org:443 "GET /wiki/Aan HTTP/1.1" 200 22808
DEBUG:urllib3.connectionpool:Starting new HTTPS connection (1): en.wikipedia.org:443
DEBUG:urllib3.connectionpool:https://en.wikipedia.org:443 "GET /wiki/Aan HTTP/1.1" 200 22808
DEBUG:urllib3.connectionpool:Starting new HTTPS connection (1): en.wikipedia.org:443
DEBUG:urllib3.connectionpool:https://en.wikipedia.org:443 "GET /wiki/Amarakavi HTTP/1.1" 200 None
DEBUG:urllib3.connectionpool:Starting new HTTPS connection (1): en.wikipedia.org:443
DEBUG:urllib3.connectionpool:https://en.wikipedia.org:443 "GET /wiki/Amma_(1952_film) HTTP/1.1" 200 13208
DEBUG:urllib3.connectionpool:Starting new HTTPS connection (1): en.wikipedia.org:443
DEBUG:urllib3.connectionpool:https://en.wikipedia.org:443 "GET /wiki/Amma_(1952_film) HTTP/1.1" 200 13208
DEBUG:urllib3.connectionpool:Starting new HTTPS connection (1): en.wikipedia.org:443
DEBUG:urllib3.connectionpool:https://en.wikipedia.org:443 "GET /wiki/Amma_(1952_film) HTTP/1.1" 200 13208
DEBUG:urllib3.connectionpool:Starting new HTTPS connection (1): en.wikipedia.org:443
DEBUG:urllib3.connectionpool:https://en.wikipedia.org:443 "GET /wiki/Chinna_Durai_(1952_film) HTTP/1.1" 200 None
DEBUG:urllib3.connectionpool:Starting new HTTPS connection (1): en.wikipedia.org:443
DEBUG:urllib3.connectionpool:https://en.wikipedia.org:443 "GET /wiki/Chinna_Durai_(1952_film) HTTP/1.1" 200 12137
DEBUG:urllib3.connectionpool:Starting new HTTPS connection (1): en.wikipedia.org:443
DEBUG:urllib3.connectionpool:https://en.wikipedia.org:443 "GET /wiki/Chinna_Durai_(1952_film) HTTP/1.1" 200 12137
DEBUG:urllib3.connectionpool:Starting new HTTPS connection (1): en.wikipedia.org:443
DEBUG:urllib3.connectionpool:https://en.wikipedia.org:443 "GET /wiki/Chinna_Durai_(1952_film) HTTP/1.1" 200 12137
DEBUG:urllib3.connectionpool:Starting new HTTPS connection (1): en.wikipedia.org:443
DEBUG:urllib3.connectionpool:https://en.wikipedia.org:443 "GET /wiki/Chinna_Durai_(1952_film) HTTP/1.1" 200 12137
DEBUG:urllib3.connectionpool:Starting new HTTPS connection (1): en.wikipedia.org:443
DEBUG:urllib3.connectionpool:https://en.wikipedia.org:443 "GET /wiki/Dharma_Devatha HTTP/1.1" 200 None
DEBUG:urllib3.connectionpool:Starting new HTTPS connection (1): en.wikipedia.org:443
DEBUG:urllib3.connectionpool:https://en.wikipedia.org:443 "GET /wiki/Dharma_Devatha HTTP/1.1" 200 12735
DEBUG:urllib3.connectionpool:Starting new HTTPS connection (1): en.wikipedia.org:443
DEBUG:urllib3.connectionpool:https://en.wikipedia.org:443 "GET /wiki/En_Thangai_(1952_film) HTTP/1.1" 200 None
DEBUG:urllib3.connectionpool:Starting new HTTPS connection (1): en.wikipedia.org:443
DEBUG:urllib3.connectionpool:https://en.wikipedia.org:443 "GET /wiki/En_Thangai_(1952_film) HTTP/1.1" 200 13021
DEBUG:urllib3.connectionpool:Starting new HTTPS connection (1): en.wikipedia.org:443
DEBUG:urllib3.connectionpool:https://en.wikipedia.org:443 "GET /wiki/En_Thangai_(1952_film) HTTP/1.1" 200 13021
DEBUG:urllib3.connectionpool:Starting new HTTPS connection (1): en.wikipedia.org:443
DEBUG:urllib3.connectionpool:https://en.wikipedia.org:443 "GET /wiki/Kaadhal_(1952_film) HTTP/1.1" 200 None
DEBUG:urllib3.connectionpool:Starting new HTTPS connection (1): en.wikipedia.org:443
DEBUG:urllib3.connectionpool:https://en.wikipedia.org:443 "GET /wiki/Kaadu_(1952_film) HTTP/1.1" 200 None
DEBUG:urllib3.connectionpool:Starting new HTTPS connection (1): en.wikipedia.org:443
DEBUG:urllib3.connectionpool:https://en.wikipedia.org:443 "GET /wiki/Kaadu_(1952_film) HTTP/1.1" 200 16256
DEBUG:urllib3.connectionpool:Starting new HTTPS connection (1): en.wikipedia.org:443
DEBUG:urllib3.connectionpool:https://en.wikipedia.org:443 "GET /wiki/Kaadu_(1952_film) HTTP/1.1" 200 16256
DEBUG:urllib3.connectionpool:Starting new HTTPS connection (1): en.wikipedia.org:443
DEBUG:urllib3.connectionpool:https://en.wikipedia.org:443 "GET /wiki/Kaadu_(1952_film) HTTP/1.1" 200 16256
DEBUG:urllib3.connectionpool:Starting new HTTPS connection (1): en.wikipedia.org:443
DEBUG:urllib3.connectionpool:https://en.wikipedia.org:443 "GET /wiki/Kaadu_(1952_film) HTTP/1.1" 200 16256
DEBUG:urllib3.connectionpool:Starting new HTTPS connection (1): en.wikipedia.org:443
DEBUG:urllib3.connectionpool:https://en.wikipedia.org:443 "GET /wiki/Kaliyugam_(1952_film) HTTP/1.1" 200 None
DEBUG:urllib3.connectionpool:Starting new HTTPS connection (1): en.wikipedia.org:443
DEBUG:urllib3.connectionpool:https://en.wikipedia.org:443 "GET /wiki/Kaliyugam_(1952_film) HTTP/1.1" 200 11106
DEBUG:urllib3.connectionpool:Starting new HTTPS connection (1): en.wikipedia.org:443
DEBUG:urllib3.connectionpool:https://en.wikipedia.org:443 "GET /wiki/Kaliyugam_(1952_film) HTTP/1.1" 200 11106
DEBUG:urllib3.connectionpool:Starting new HTTPS connection (1): en.wikipedia.org:443
DEBUG:urllib3.connectionpool:https://en.wikipedia.org:443 "GET /wiki/Kaliyugam_(1952_film) HTTP/1.1" 200 11106
DEBUG:urllib3.connectionpool:Starting new HTTPS connection (1): en.wikipedia.org:443
DEBUG:urllib3.connectionpool:https://en.wikipedia.org:443 "GET /wiki/Kanchana_(1952_film) HTTP/1.1" 200 None
DEBUG:urllib3.connectionpool:Starting new HTTPS connection (1): en.wikipedia.org:443
DEBUG:urllib3.connectionpool:https://en.wikipedia.org:443 "GET /wiki/Mappillai_(1952_film) HTTP/1.1" 200 None
DEBUG:urllib3.connectionpool:Starting new HTTPS connection (1): en.wikipedia.org:443
DEBUG:urllib3.connectionpool:https://en.wikipedia.org:443 "GET /wiki/Mappillai_(1952_film) HTTP/1.1" 200 11972
DEBUG:urllib3.connectionpool:Starting new HTTPS connection (1): en.wikipedia.org:443
DEBUG:urllib3.connectionpool:https://en.wikipedia.org:443 "GET /wiki/Mappillai_(1952_film) HTTP/1.1" 200 11972
DEBUG:urllib3.connectionpool:Starting new HTTPS connection (1): en.wikipedia.org:443
DEBUG:urllib3.connectionpool:https://en.wikipedia.org:443 "GET /wiki/Mappillai_(1952_film) HTTP/1.1" 200 11972
DEBUG:urllib3.connectionpool:Starting new HTTPS connection (1): en.wikipedia.org:443
DEBUG:urllib3.connectionpool:https://en.wikipedia.org:443 "GET /wiki/Panam_(film) HTTP/1.1" 200 None
DEBUG:urllib3.connectionpool:Starting new HTTPS connection (1): en.wikipedia.org:443
DEBUG:urllib3.connectionpool:https://en.wikipedia.org:443 "GET /wiki/Panam_(film) HTTP/1.1" 200 11914
DEBUG:urllib3.connectionpool:Starting new HTTPS connection (1): en.wikipedia.org:443
DEBUG:urllib3.connectionpool:https://en.wikipedia.org:443 "GET /wiki/Panam_(film) HTTP/1.1" 200 11914
DEBUG:urllib3.connectionpool:Starting new HTTPS connection (1): en.wikipedia.org:443
DEBUG:urllib3.connectionpool:https://en.wikipedia.org:443 "GET /wiki/Parasakthi_(film) HTTP/1.1" 200 None
DEBUG:urllib3.connectionpool:Starting new HTTPS connection (1): en.wikipedia.org:443
DEBUG:urllib3.connectionpool:https://en.wikipedia.org:443 "GET /wiki/Parasakthi_(film) HTTP/1.1" 200 48386
DEBUG:urllib3.connectionpool:Starting new HTTPS connection (1): en.wikipedia.org:443
DEBUG:urllib3.connectionpool:https://en.wikipedia.org:443 "GET /wiki/Parasakthi_(film) HTTP/1.1" 200 48386
DEBUG:urllib3.connectionpool:Starting new HTTPS connection (1): en.wikipedia.org:443
DEBUG:urllib3.connectionpool:https://en.wikipedia.org:443 "GET /wiki/Parasakthi_(film) HTTP/1.1" 200 48386
DEBUG:urllib3.connectionpool:Starting new HTTPS connection (1): en.wikipedia.org:443
DEBUG:urllib3.connectionpool:https://en.wikipedia.org:443 "GET /wiki/Puyal HTTP/1.1" 200 None
DEBUG:urllib3.connectionpool:Starting new HTTPS connection (1): en.wikipedia.org:443
DEBUG:urllib3.connectionpool:https://en.wikipedia.org:443 "GET /wiki/Shyamala_(1952_film) HTTP/1.1" 200 None
DEBUG:urllib3.connectionpool:Starting new HTTPS connection (1): en.wikipedia.org:443
DEBUG:urllib3.connectionpool:https://en.wikipedia.org:443 "GET /wiki/Thai_Ullam HTTP/1.1" 200 14162
DEBUG:urllib3.connectionpool:Starting new HTTPS connection (1): en.wikipedia.org:443
DEBUG:urllib3.connectionpool:https://en.wikipedia.org:443 "GET /wiki/Thai_Ullam HTTP/1.1" 200 14162
DEBUG:urllib3.connectionpool:Starting new HTTPS connection (1): en.wikipedia.org:443
DEBUG:urllib3.connectionpool:https://en.wikipedia.org:443 "GET /wiki/Samsaram_(1951_film) HTTP/1.1" 200 16297
DEBUG:urllib3.connectionpool:Starting new HTTPS connection (1): en.wikipedia.org:443
DEBUG:urllib3.connectionpool:https://en.wikipedia.org:443 "GET /wiki/Samsaram_(1951_film) HTTP/1.1" 200 16297
DEBUG:urllib3.connectionpool:Starting new HTTPS connection (1): en.wikipedia.org:443
DEBUG:urllib3.connectionpool:https://en.wikipedia.org:443 "GET /wiki/Samsaram_(1951_film) HTTP/1.1" 200 16297
DEBUG:urllib3.connectionpool:Starting new HTTPS connection (1): en.wikipedia.org:443
DEBUG:urllib3.connectionpool:https://en.wikipedia.org:443 "GET /wiki/Samsaram_(1951_film) HTTP/1.1" 200 16297
