INFO:root:Sample Info Log
INFO:root:Sample Info Log
ERROR:root:Tag1 [ Adi Sivappu Sundarai	          Amaravathi	       Bala Bharathi	 1993	         S P B; Suba
ERROR:root:Tag1 [  Ha Ha Kavaveh Thana	          Amaravathi	       Bala Bharathi	 1993	               S P B
ERROR:root:Tag1 [    Poo Malaranthethu	          Amaravathi	       Bala Bharathi	 1993	             Minmini
ERROR:root:Tag1 [ Putham Pudhu Malarae	          Amaravathi	       Bala Bharathi	 1993	               S P B
ERROR:root:Tag1 [ Taj Mahal Thevai Illai	          Amaravathi	       Bala Bharathi	 1993	     S P B; S Janaki
ERROR:root:Tag1 [  Udal Enna Uyir Enna	          Amaravathi	       Bala Bharathi	 1993	               Ashok
INFO:root:Sample Info Log
ERROR:root:Tag1 [ Adi Sivappu Sundarai	          Amaravathi	       Bala Bharathi	 1993	         S P B; Suba
ERROR:root:Tag1 [  Ha Ha Kavaveh Thana	          Amaravathi	       Bala Bharathi	 1993	               S P B
ERROR:root:Tag1 [    Poo Malaranthethu	          Amaravathi	       Bala Bharathi	 1993	             Minmini
ERROR:root:Tag1 [ Putham Pudhu Malarae	          Amaravathi	       Bala Bharathi	 1993	               S P B
ERROR:root:Tag1 [ Taj Mahal Thevai Illai	          Amaravathi	       Bala Bharathi	 1993	     S P B; S Janaki
ERROR:root:Tag1 [  Udal Enna Uyir Enna	          Amaravathi	       Bala Bharathi	 1993	               Ashok
INFO:root:Sample Info Log
ERROR:root:[ Adi Sivappu Sundarai	          Amaravathi	       Bala Bharathi	 1993	         S P B; Suba
ERROR:root:[  Ha Ha Kavaveh Thana	          Amaravathi	       Bala Bharathi	 1993	               S P B
ERROR:root:[    Poo Malaranthethu	          Amaravathi	       Bala Bharathi	 1993	             Minmini
ERROR:root:[ Putham Pudhu Malarae	          Amaravathi	       Bala Bharathi	 1993	               S P B
ERROR:root:[ Taj Mahal Thevai Illai	          Amaravathi	       Bala Bharathi	 1993	     S P B; S Janaki
ERROR:root:[  Udal Enna Uyir Enna	          Amaravathi	       Bala Bharathi	 1993	               Ashok
INFO:root:Sample Info Log
ERROR:root:[ Adi Sivappu Sundarai	          Amaravathi	       Bala Bharathi	 1993	         S P B; Suba
ERROR:root:[  Ha Ha Kavaveh Thana	          Amaravathi	       Bala Bharathi	 1993	               S P B
ERROR:root:[    Poo Malaranthethu	          Amaravathi	       Bala Bharathi	 1993	             Minmini
ERROR:root:[ Putham Pudhu Malarae	          Amaravathi	       Bala Bharathi	 1993	               S P B
ERROR:root:[ Taj Mahal Thevai Illai	          Amaravathi	       Bala Bharathi	 1993	     S P B; S Janaki
ERROR:root:[  Udal Enna Uyir Enna	          Amaravathi	       Bala Bharathi	 1993	               Ashok
INFO:root:Sample Info Log
ERROR:root:[ Adi Sivappu Sundarai	          Amaravathi	       Bala Bharathi	 1993	         S P B; Suba
ERROR:root:[  Ha Ha Kavaveh Thana	          Amaravathi	       Bala Bharathi	 1993	               S P B
ERROR:root:[    Poo Malaranthethu	          Amaravathi	       Bala Bharathi	 1993	             Minmini
ERROR:root:[ Putham Pudhu Malarae	          Amaravathi	       Bala Bharathi	 1993	               S P B
ERROR:root:[ Taj Mahal Thevai Illai	          Amaravathi	       Bala Bharathi	 1993	     S P B; S Janaki
ERROR:root:[  Udal Enna Uyir Enna	          Amaravathi	       Bala Bharathi	 1993	               Ashok
INFO:root:Sample Info Log
ERROR:root:[ Adi Sivappu Sundarai	          Amaravathi	       Bala Bharathi	 1993	         S P B; Suba
ERROR:root:[  Ha Ha Kavaveh Thana	          Amaravathi	       Bala Bharathi	 1993	               S P B
ERROR:root:[    Poo Malaranthethu	          Amaravathi	       Bala Bharathi	 1993	             Minmini
ERROR:root:[ Putham Pudhu Malarae	          Amaravathi	       Bala Bharathi	 1993	               S P B
ERROR:root:[ Taj Mahal Thevai Illai	          Amaravathi	       Bala Bharathi	 1993	     S P B; S Janaki
ERROR:root:[  Udal Enna Uyir Enna	          Amaravathi	       Bala Bharathi	 1993	               Ashok
INFO:root:Sample Info Log
ERROR:root:[ Adi Sivappu Sundarai	          Amaravathi	       Bala Bharathi	 1993	         S P B; Suba
ERROR:root:[  Ha Ha Kavaveh Thana	          Amaravathi	       Bala Bharathi	 1993	               S P B
ERROR:root:[    Poo Malaranthethu	          Amaravathi	       Bala Bharathi	 1993	             Minmini
ERROR:root:[ Putham Pudhu Malarae	          Amaravathi	       Bala Bharathi	 1993	               S P B
ERROR:root:[ Taj Mahal Thevai Illai	          Amaravathi	       Bala Bharathi	 1993	     S P B; S Janaki
ERROR:root:[  Udal Enna Uyir Enna	          Amaravathi	       Bala Bharathi	 1993	               Ashok
INFO:root:Sample Info Log
ERROR:root:[ Adi Sivappu Sundarai	          Amaravathi	       Bala Bharathi	 1993	         S P B; Suba
ERROR:root:[  Ha Ha Kavaveh Thana	          Amaravathi	       Bala Bharathi	 1993	               S P B
ERROR:root:[    Poo Malaranthethu	          Amaravathi	       Bala Bharathi	 1993	             Minmini
ERROR:root:[ Putham Pudhu Malarae	          Amaravathi	       Bala Bharathi	 1993	               S P B
ERROR:root:[ Taj Mahal Thevai Illai	          Amaravathi	       Bala Bharathi	 1993	     S P B; S Janaki
ERROR:root:[  Udal Enna Uyir Enna	          Amaravathi	       Bala Bharathi	 1993	               Ashok
INFO:root:Sample Info Log
ERROR:root:[ Adi Sivappu Sundarai	          Amaravathi	       Bala Bharathi	 1993	         S P B; Suba
ERROR:root:[  Ha Ha Kavaveh Thana	          Amaravathi	       Bala Bharathi	 1993	               S P B
ERROR:root:[    Poo Malaranthethu	          Amaravathi	       Bala Bharathi	 1993	             Minmini
ERROR:root:[ Putham Pudhu Malarae	          Amaravathi	       Bala Bharathi	 1993	               S P B
ERROR:root:[ Taj Mahal Thevai Illai	          Amaravathi	       Bala Bharathi	 1993	     S P B; S Janaki
ERROR:root:[  Udal Enna Uyir Enna	          Amaravathi	       Bala Bharathi	 1993	               Ashok
INFO:root:Sample Info Log
ERROR:root:[ Adi Sivappu Sundarai	          Amaravathi	       Bala Bharathi	 1993	         S P B; Suba
ERROR:root:[  Ha Ha Kavaveh Thana	          Amaravathi	       Bala Bharathi	 1993	               S P B
ERROR:root:[    Poo Malaranthethu	          Amaravathi	       Bala Bharathi	 1993	             Minmini
ERROR:root:[ Putham Pudhu Malarae	          Amaravathi	       Bala Bharathi	 1993	               S P B
ERROR:root:[ Taj Mahal Thevai Illai	          Amaravathi	       Bala Bharathi	 1993	     S P B; S Janaki
ERROR:root:[  Udal Enna Uyir Enna	          Amaravathi	       Bala Bharathi	 1993	               Ashok
INFO:root:Sample Info Log
INFO:root:Sample Info Log
INFO:root:Sample Info Log
INFO:root:Sample Info Log
